Alternative 1 Catch
     goa_wp 
Equil_Fabc 134686 
Year 
2022 129754 
2023 110329 
2024 109857 
2025 108065 
2026 94298.6 
2027 95980.2 
2028 102396 
2029 113379 
2030 115366 
2031 117738 
2032 119266 
2033 120848 
2034 118945 
2035 119391 

Alternative 1 ABCs
     goa_wp 

Year 
2022 105890 
2023 110329 
2024 109857 
2025 108065 
2026 94298.6 
2027 95980.2 
2028 102396 
2029 113379 
2030 115366 
2031 117738 
2032 119266 
2033 120848 
2034 118945 
2035 119391 

Alternative 1 TACs
     goa_wp 

Year 
2022  NA 
2023 110329 
2024 109857 
2025 108065 
2026 94298.6 
2027 95980.2 
2028 102396 
2029 113379 
2030 115366 
2031 117738 
2032 119266 
2033 120848 
2034 118945 
2035 119391 

Alternative 1 Sp_Biomass
     goa_wp 
Equil_Fabc 172146 
Year 
2022 228234 
2023 200024 
2024 184370 
2025 173326 
2026 158864 
2027 153599 
2028 162259 
2029 173207 
2030 185116 
2031 186595 
2032 185973 
2033 187820 
2034 189804 
2035 188389 

Alternative 1 Fishing Mortality
     goa_wp 
Equil_Fabc 0.286208 
Year 
2022 0.359426 
2023 0.286208 
2024 0.286208 
2025 0.281414 
2026 0.238246 
2027 0.202065 
2028 0.159938 
2029 0.144223 
2030 0.150417 
2031 0.150537 
2032 0.15324 
2033 0.155176 
2034 0.154614 
2035 0.154625 

Alternative 1 Biomass
     goa_wp 

Year 
2022 1.19866e+06 
2023 1.28201e+06 
2024 1.18176e+06 
2025 1.27964e+06 
2026 1.2808e+06 
2027 1.41274e+06 
2028 1.33582e+06 
2029 1.43377e+06 
2030 1.44318e+06 
2031 1.43614e+06 
2032 1.41437e+06 
2033 1.45466e+06 
2034 1.47116e+06 
2035 1.4816e+06 

Alternative 1 Implied SPR rate 
     goa_wp 
Equil_Fabc 0.4 
Year 
2022 0.332747 
2023 0.4 
2024 0.4 
2025 0.405132 
2026 0.457265 
2027 0.512564 
2028 0.623129 
2029 0.670123 
2030 0.656269 
2031 0.657394 
2032 0.652176 
2033 0.64835 
2034 0.651376 
2035 0.652275 

  goa_wp 
EquilAvgAgeF0  2.20663 
EquilAvgAgeFabc  1.7793 
AvgAgeYr2035 42.7174 
Alternative 2 Catch
     goa_wp 
Equil_Fabc 134686 
Year 
2022 129754 
2023 110329 
2024 109857 
2025 108065 
2026 94298.6 
2027 95970.9 
2028 102398 
2029 113193 
2030 115192 
2031 117623 
2032 119258 
2033 120918 
2034 118987 
2035 119321 

Alternative 2 ABCs
     goa_wp 

Year 
2022 105.89 
2023 110.197 
2024 107.195 
2025 86.943 
2026 48.147 
2027 23.9364 
2028  NA 
2029  NA 
2030  NA 
2031  NA 
2032  NA 
2033  NA 
2034  NA 
2035 60.2036 

Alternative 2 TACs
     goa_wp 

Year 
2022  NA 
2023 110329 
2024 109857 
2025 108065 
2026 94298.6 
2027 95980.2 
2028 102398 
2029 113380 
2030 115404 
2031 117807 
2032 119347 
2033 120918 
2034 118987 
2035 119409 

Alternative 2 Sp_Biomass
     goa_wp 
Equil_Fabc 172146 
Year 
2022 228234 
2023 200024 
2024 184370 
2025 173326 
2026 158864 
2027 153600 
2028 162262 
2029 173215 
2030 185179 
2031 186717 
2032 186108 
2033 187931 
2034 189880 
2035 188440 

Alternative 2 Fishing Mortality
     goa_wp 
Equil_Fabc 0.286208 
Year 
2022 0.359426 
2023 0.286208 
2024 0.286208 
2025 0.281414 
2026 0.238246 
2027 0.202063 
2028 0.159938 
2029 0.144196 
2030 0.150385 
2031 0.150511 
2032 0.153227 
2033 0.155176 
2034 0.154614 
2035 0.154612 

Alternative 2 Biomass
     goa_wp 

Year 
2022 1.19866e+06 
2023 1.28201e+06 
2024 1.18176e+06 
2025 1.27964e+06 
2026 1.2808e+06 
2027 1.41274e+06 
2028 1.33583e+06 
2029 1.43378e+06 
2030 1.44337e+06 
2031 1.43646e+06 
2032 1.41474e+06 
2033 1.45498e+06 
2034 1.47136e+06 
2035 1.48172e+06 

Alternative 2 Implied SPR rate 
     goa_wp 
Equil_Fabc 0.4 
Year 
2022 0.332747 
2023 0.4 
2024 0.4 
2025 0.405132 
2026 0.457265 
2027 0.512566 
2028 0.623129 
2029 0.670152 
2030 0.656304 
2031 0.657424 
2032 0.65219 
2033 0.64835 
2034 0.651376 
2035 0.652289 

  goa_wp 
EquilAvgAgeF0  2.20663 
EquilAvgAgeFabc  1.7793 
AvgAgeYr2035 42.718 
Alternative 3 Catch
     goa_wp 
Equil_Fabc 134686 
Year 
2022 129754 
2023 75315.6 
2024 79473.5 
2025 82989.7 
2026 81511.2 
2027 85123.9 
2028 92221.1 
2029 100961 
2030 100003 
2031 103963 
2032 104406 
2033 105411 
2034 103670 
2035 103579 

Alternative 3 ABCs
     goa_wp 

Year 
2022 105890 
2023 110329 
2024 116081 
2025 121002 
2026 115346 
2027 113093 
2028 121016 
2029 129169 
2030 129024 
2031 132590 
2032 133295 
2033 135052 
2034 132989 
2035 133669 

Alternative 3 TACs
     goa_wp 

Year 
2022  NA 
2023 75315.6 
2024 79473.5 
2025 82989.7 
2026 81511.2 
2027 85123.9 
2028 92221.1 
2029 100961 
2030 100003 
2031 103963 
2032 104406 
2033 105411 
2034 103670 
2035 103579 

Alternative 3 Sp_Biomass
     goa_wp 
Equil_Fabc 172146 
Year 
2022 228234 
2023 202227 
2024 195953 
2025 193935 
2026 185035 
2027 179389 
2028 187634 
2029 197875 
2030 210510 
2031 213403 
2032 213453 
2033 215392 
2034 218293 
2035 217325 

Alternative 3 Fishing Mortality
     goa_wp 
Equil_Fabc 0.286208 
Year 
2022 0.359426 
2023 0.189438 
2024 0.189438 
2025 0.189438 
2026 0.189438 
2027 0.189438 
2028 0.189438 
2029 0.189438 
2030 0.189438 
2031 0.189438 
2032 0.189438 
2033 0.189438 
2034 0.189438 
2035 0.189438 

Alternative 3 Biomass
     goa_wp 

Year 
2022 1.19866e+06 
2023 1.28201e+06 
2024 1.21434e+06 
2025 1.33537e+06 
2026 1.34943e+06 
2027 1.48146e+06 
2028 1.40254e+06 
2029 1.49757e+06 
2030 1.5071e+06 
2031 1.50205e+06 
2032 1.4807e+06 
2033 1.52208e+06 
2034 1.54015e+06 
2035 1.55128e+06 

Alternative 3 Implied SPR rate 
     goa_wp 
Equil_Fabc 0.4 
Year 
2022 0.332747 
2023 0.525555 
2024 0.525555 
2025 0.525555 
2026 0.525555 
2027 0.525555 
2028 0.525555 
2029 0.525555 
2030 0.525555 
2031 0.525555 
2032 0.525555 
2033 0.525555 
2034 0.525555 
2035 0.525555 

  goa_wp 
EquilAvgAgeF0  2.20663 
EquilAvgAgeFabc  1.7793 
AvgAgeYr2035 43.6366 
Alternative 4 Catch
     goa_wp 
Equil_Fabc 134686 
Year 
2022 129754 
2023 32705.4 
2024 36936.3 
2025 40883.5 
2026 41631.8 
2027 43552.8 
2028 47302 
2029 52153.9 
2030 51175.5 
2031 53682.9 
2032 53489.2 
2033 54088.9 
2034 52961.7 
2035 53004.5 

Alternative 4 ABCs
     goa_wp 

Year 
2022 105890 
2023 110329 
2024 123744 
2025 136333 
2026 139121 
2027 143586 
2028 152170 
2029 166257 
2030 164145 
2031 172105 
2032 172288 
2033 174502 
2034 171626 
2035 172119 

Alternative 4 TACs
     goa_wp 

Year 
2022  NA 
2023 32705.4 
2024 36936.3 
2025 40883.5 
2026 41631.8 
2027 43552.8 
2028 47302 
2029 52153.9 
2030 51175.5 
2031 53682.9 
2032 53489.2 
2033 54088.9 
2034 52961.7 
2035 53004.5 

Alternative 4 Sp_Biomass
     goa_wp 
Equil_Fabc 172146 
Year 
2022 228234 
2023 204782 
2024 210533 
2025 221932 
2026 225251 
2027 226916 
2028 242088 
2029 258517 
2030 279794 
2031 287837 
2032 293380 
2033 298934 
2034 305950 
2035 307541 

Alternative 4 Fishing Mortality
     goa_wp 
Equil_Fabc 0.286208 
Year 
2022 0.359426 
2023 0.0793585 
2024 0.0793585 
2025 0.0793585 
2026 0.0793585 
2027 0.0793585 
2028 0.0793585 
2029 0.0793585 
2030 0.0773745 
2031 0.0696767 
2032 0.0656295 
2033 0.0642804 
2034 0.06309 
2035 0.0635661 

Alternative 4 Biomass
     goa_wp 

Year 
2022 1.19866e+06 
2023 1.28201e+06 
2024 1.25413e+06 
2025 1.40851e+06 
2026 1.4478e+06 
2027 1.59931e+06 
2028 1.53748e+06 
2029 1.64733e+06 
2030 1.67563e+06 
2031 1.68171e+06 
2032 1.67207e+06 
2033 1.72276e+06 
2034 1.74894e+06 
2035 1.765e+06 

Alternative 4 Implied SPR rate 
     goa_wp 
Equil_Fabc 0.4 
Year 
2022 0.332747 
2023 0.75 
2024 0.75 
2025 0.75 
2026 0.75 
2027 0.75 
2028 0.75 
2029 0.75 
2030 0.75625 
2031 0.7805 
2032 0.79325 
2033 0.7975 
2034 0.80125 
2035 0.79975 

  goa_wp 
EquilAvgAgeF0  2.20663 
EquilAvgAgeFabc  1.7793 
AvgAgeYr2035 46.9001 
Alternative 5 Catch
     goa_wp 
Equil_Fabc 134686 
Year 
2022 129754 
2023  NA 
2024  NA 
2025  NA 
2026  NA 
2027  NA 
2028  NA 
2029  NA 
2030  NA 
2031  NA 
2032  NA 
2033  NA 
2034  NA 
2035  NA 

Alternative 5 ABCs
     goa_wp 

Year 
2022 105890 
2023 110329 
2024 129689 
2025 149052 
2026 156956 
2027 165836 
2028 180244 
2029 198025 
2030 192609 
2031 207175 
2032 208182 
2033 211142 
2034 207280 
2035 206772 

Alternative 5 TACs
     goa_wp 

Year 
2022  NA 
2023  NA 
2024  NA 
2025  NA 
2026  NA 
2027  NA 
2028  NA 
2029  NA 
2030  NA 
2031  NA 
2032  NA 
2033  NA 
2034  NA 
2035  NA 

Alternative 5 Sp_Biomass
     goa_wp 
Equil_Fabc 172146 
Year 
2022 228234 
2023 206655 
2024 222075 
2025 245604 
2026 261701 
2027 272569 
2028 296230 
2029 320146 
2030 351635 
2031 365107 
2032 377209 
2033 386922 
2034 398317 
2035 402453 

Alternative 5 Fishing Mortality
     goa_wp 
Equil_Fabc 0.286208 
Year 
2022 0.359426 
2023  NA 
2024  NA 
2025  NA 
2026  NA 
2027  NA 
2028  NA 
2029  NA 
2030  NA 
2031  NA 
2032  NA 
2033  NA 
2034  NA 
2035  NA 

Alternative 5 Biomass
     goa_wp 

Year 
2022 1.19866e+06 
2023 1.28201e+06 
2024 1.28476e+06 
2025 1.46876e+06 
2026 1.53444e+06 
2027 1.70884e+06 
2028 1.66702e+06 
2029 1.79388e+06 
2030 1.84418e+06 
2031 1.86211e+06 
2032 1.86605e+06 
2033 1.92635e+06 
2034 1.96105e+06 
2035 1.98167e+06 

Alternative 5 Implied SPR rate 
     goa_wp 
Equil_Fabc 0.4 
Year 
2022 0.332747 
2023 1 
2024 1 
2025 1 
2026 1 
2027 1 
2028 1 
2029 1 
2030 1 
2031 1 
2032 1 
2033 1 
2034 1 
2035 1 

  goa_wp 
EquilAvgAgeF0  2.20663 
EquilAvgAgeFabc  1.7793 
AvgAgeYr2035 49.6928 
Alternative 6 Catch
     goa_wp 
Equil_Fabc 134686 
Year 
2022 129754 
2023 128393 
2024 123971 
2025 114517 
2026 99967.6 
2027 103717 
2028 115547 
2029 129356 
2030 128811 
2031 130317 
2032 131666 
2033 132999 
2034 131143 
2035 131956 

Alternative 6 ABCs
     goa_wp 

Year 
2022 105890 
2023 110329 
2024 106674 
2025 98973.5 
2026 86034.9 
2027 89115.3 
2028 93571.5 
2029 104857 
2030 105404 
2031 106426 
2032 107747 
2033 108855 
2034 107520 
2035 107893 

Alternative 6 TACs
     goa_wp 

Year 
2022  NA 
2023 128393 
2024 123971 
2025 114517 
2026 99967.6 
2027 103717 
2028 115547 
2029 129356 
2030 128811 
2031 130317 
2032 131666 
2033 132999 
2034 131143 
2035 131956 

Alternative 6 Sp_Biomass
     goa_wp 
Equil_Fabc 172146 
Year 
2022 228234 
2023 198848 
2024 178539 
2025 163802 
2026 148228 
2027 142801 
2028 150227 
2029 158706 
2030 167444 
2031 167239 
2032 165429 
2033 166647 
2034 167849 
2035 166011 

Alternative 6 Fishing Mortality
     goa_wp 
Equil_Fabc 0.286208 
Year 
2022 0.359426 
2023 0.338585 
2024 0.338585 
2025 0.315757 
2026 0.263563 
2027 0.223939 
2028 0.212142 
2029 0.207703 
2030 0.206936 
2031 0.204841 
2032 0.205139 
2033 0.205911 
2034 0.206327 
2035 0.206346 

Alternative 6 Biomass
     goa_wp 

Year 
2022 1.19866e+06 
2023 1.28201e+06 
2024 1.165e+06 
2025 1.2524e+06 
2026 1.25247e+06 
2027 1.38396e+06 
2028 1.30491e+06 
2029 1.39657e+06 
2030 1.39754e+06 
2031 1.38673e+06 
2032 1.36251e+06 
2033 1.40103e+06 
2034 1.41632e+06 
2035 1.42597e+06 

Alternative 6 Implied SPR rate 
     goa_wp 
Equil_Fabc 0.4 
Year 
2022 0.332747 
2023 0.35 
2024 0.35 
2025 0.370674 
2026 0.427295 
2027 0.48405 
2028 0.508302 
2029 0.52131 
2030 0.525353 
2031 0.530764 
2032 0.531759 
2033 0.531913 
2034 0.532065 
2035 0.532842 

  goa_wp 
EquilAvgAgeF0  2.20663 
EquilAvgAgeFabc  1.7793 
AvgAgeYr2035 41.699 
Alternative 7 Catch
     goa_wp 
Equil_Fabc 134686 
Year 
2022 129754 
2023 110329 
2024 109857 
2025 124952 
2026 104506 
2027 105517 
2028 116336 
2029 129669 
2030 128867 
2031 130341 
2032 131671 
2033 133000 
2034 131143 
2035 131957 

Alternative 7 ABCs
     goa_wp 

Year 
2022 105890 
2023 110329 
2024 109857 
2025 108065 
2026 89988.8 
2027 90670.6 
2028 94799.2 
2029 105159 
2030 105553 
2031 106444 
2032 107736 
2033 108846 
2034 107557 
2035 107889 

Alternative 7 TACs
     goa_wp 

Year 
2022  NA 
2023 128393 
2024 127659 
2025 124952 
2026 104506 
2027 105517 
2028 116336 
2029 129669 
2030 128867 
2031 130341 
2032 131671 
2033 133000 
2034 131143 
2035 131957 

Alternative 7 Sp_Biomass
     goa_wp 
Equil_Fabc 172146 
Year 
2022 228234 
2023 200024 
2024 184370 
2025 172094 
2026 153120 
2027 145585 
2028 151894 
2029 159691 
2030 168067 
2031 167639 
2032 165685 
2033 166811 
2034 167953 
2035 166078 

Alternative 7 Fishing Mortality
     goa_wp 
Equil_Fabc 0.286208 
Year 
2022 0.359426 
2023 0.286208 
2024 0.286208 
2025 0.330866 
2026 0.272247 
2027 0.228561 
2028 0.214826 
2029 0.209244 
2030 0.207917 
2031 0.205467 
2032 0.205532 
2033 0.20615 
2034 0.206477 
2035 0.206442 

Alternative 7 Biomass
     goa_wp 

Year 
2022 1.19866e+06 
2023 1.28201e+06 
2024 1.18176e+06 
2025 1.27964e+06 
2026 1.26537e+06 
2027 1.39032e+06 
2028 1.30832e+06 
2029 1.39841e+06 
2030 1.39862e+06 
2031 1.38742e+06 
2032 1.36294e+06 
2033 1.4013e+06 
2034 1.41649e+06 
2035 1.42609e+06 

Alternative 7 Implied SPR rate 
     goa_wp 
Equil_Fabc 0.4 
Year 
2022 0.332747 
2023 0.4 
2024 0.4 
2025 0.356774 
2026 0.417031 
2027 0.477146 
2028 0.503808 
2029 0.518492 
2030 0.523502 
2031 0.529555 
2032 0.530998 
2033 0.531443 
2034 0.531771 
2035 0.532655 

  goa_wp 
EquilAvgAgeF0  2.20663 
EquilAvgAgeFabc  1.7793 
AvgAgeYr2035 41.8323 
