goa_wp 1 2022 Cabc 134686
goa_wp 1 2022 Cofl 145862
goa_wp 1 2022 CLCI 129754
goa_wp 1 2022 CUCI 129754
goa_wp 1 2022 CMedian 129754
goa_wp 1 2022 CMean 129754
goa_wp 1 2022 CStdn 2.35741e-09
goa_wp 1 2023 Cabc 134686
goa_wp 1 2023 Cofl 145862
goa_wp 1 2023 CLCI 110194
goa_wp 1 2023 CUCI 110760
goa_wp 1 2023 CMedian 110211
goa_wp 1 2023 CMean 110329
goa_wp 1 2023 CStdn 525.187
goa_wp 1 2024 Cabc 134686
goa_wp 1 2024 Cofl 145862
goa_wp 1 2024 CLCI 107135
goa_wp 1 2024 CUCI 118160
goa_wp 1 2024 CMedian 107541
goa_wp 1 2024 CMean 109857
goa_wp 1 2024 CStdn 10278
goa_wp 1 2025 Cabc 134686
goa_wp 1 2025 Cofl 145862
goa_wp 1 2025 CLCI 86390.2
goa_wp 1 2025 CUCI 180603
goa_wp 1 2025 CMedian 90598.1
goa_wp 1 2025 CMean 108065
goa_wp 1 2025 CStdn 74939.3
goa_wp 1 2026 Cabc 134686
goa_wp 1 2026 Cofl 145862
goa_wp 1 2026 CLCI 46836.2
goa_wp 1 2026 CUCI 247958
goa_wp 1 2026 CMedian 57466.4
goa_wp 1 2026 CMean 94298.6
goa_wp 1 2026 CStdn 132825
goa_wp 1 2027 Cabc 134686
goa_wp 1 2027 Cofl 145862
goa_wp 1 2027 CLCI 22852.9
goa_wp 1 2027 CUCI 332072
goa_wp 1 2027 CMedian 40697.5
goa_wp 1 2027 CMean 95980.2
goa_wp 1 2027 CStdn 172661
goa_wp 1 2028 Cabc 134686
goa_wp 1 2028 Cofl 145862
goa_wp 1 2028 CLCI 0
goa_wp 1 2028 CUCI 368558
goa_wp 1 2028 CMedian 38256.2
goa_wp 1 2028 CMean 102396
goa_wp 1 2028 CStdn 196000
goa_wp 1 2029 Cabc 134686
goa_wp 1 2029 Cofl 145862
goa_wp 1 2029 CLCI 0
goa_wp 1 2029 CUCI 469785
goa_wp 1 2029 CMedian 38874.8
goa_wp 1 2029 CMean 113379
goa_wp 1 2029 CStdn 216622
goa_wp 1 2030 Cabc 134686
goa_wp 1 2030 Cofl 145862
goa_wp 1 2030 CLCI 0
goa_wp 1 2030 CUCI 480304
goa_wp 1 2030 CMedian 38828.2
goa_wp 1 2030 CMean 115366
goa_wp 1 2030 CStdn 223820
goa_wp 1 2031 Cabc 134686
goa_wp 1 2031 Cofl 145862
goa_wp 1 2031 CLCI 0
goa_wp 1 2031 CUCI 460883
goa_wp 1 2031 CMedian 42998.8
goa_wp 1 2031 CMean 117738
goa_wp 1 2031 CStdn 218254
goa_wp 1 2032 Cabc 134686
goa_wp 1 2032 Cofl 145862
goa_wp 1 2032 CLCI 0
goa_wp 1 2032 CUCI 488422
goa_wp 1 2032 CMedian 46522.4
goa_wp 1 2032 CMean 119266
goa_wp 1 2032 CStdn 209507
goa_wp 1 2033 Cabc 134686
goa_wp 1 2033 Cofl 145862
goa_wp 1 2033 CLCI 0
goa_wp 1 2033 CUCI 514492
goa_wp 1 2033 CMedian 46477.3
goa_wp 1 2033 CMean 120848
goa_wp 1 2033 CStdn 207545
goa_wp 1 2034 Cabc 134686
goa_wp 1 2034 Cofl 145862
goa_wp 1 2034 CLCI 0
goa_wp 1 2034 CUCI 486084
goa_wp 1 2034 CMedian 44818.7
goa_wp 1 2034 CMean 118945
goa_wp 1 2034 CStdn 206046
goa_wp 1 2035 Cabc 134686
goa_wp 1 2035 Cofl 145862
goa_wp 1 2035 CLCI 0
goa_wp 1 2035 CUCI 507623
goa_wp 1 2035 CMedian 41757.5
goa_wp 1 2035 CMean 119391
goa_wp 1 2035 CStdn 213347
goa_wp 1 2022 SSBF100 430364
goa_wp 1 2022 SSBFabc 172146
goa_wp 1 2022 SSBFofl 150627
goa_wp 1 2022 SSBLCI 228234
goa_wp 1 2022 SSBUCI 228234
goa_wp 1 2022 SSBMedian 228234
goa_wp 1 2022 SSBMean 228234
goa_wp 1 2023 SSBF100 430364
goa_wp 1 2023 SSBFabc 172146
goa_wp 1 2023 SSBFofl 150627
goa_wp 1 2023 SSBLCI 200024
goa_wp 1 2023 SSBUCI 200024
goa_wp 1 2023 SSBMedian 200024
goa_wp 1 2023 SSBMean 200024
goa_wp 1 2024 SSBF100 430364
goa_wp 1 2024 SSBFabc 172146
goa_wp 1 2024 SSBFofl 150627
goa_wp 1 2024 SSBLCI 183542
goa_wp 1 2024 SSBUCI 187011
goa_wp 1 2024 SSBMedian 183649
goa_wp 1 2024 SSBMean 184370
goa_wp 1 2025 SSBF100 430364
goa_wp 1 2025 SSBFabc 172146
goa_wp 1 2025 SSBFofl 150627
goa_wp 1 2025 SSBLCI 167691
goa_wp 1 2025 SSBUCI 192325
goa_wp 1 2025 SSBMedian 168679
goa_wp 1 2025 SSBMean 173326
goa_wp 1 2026 SSBF100 430364
goa_wp 1 2026 SSBFabc 172146
goa_wp 1 2026 SSBFofl 150627
goa_wp 1 2026 SSBLCI 133546
goa_wp 1 2026 SSBUCI 239509
goa_wp 1 2026 SSBMedian 138782
goa_wp 1 2026 SSBMean 158864
goa_wp 1 2027 SSBF100 430364
goa_wp 1 2027 SSBFabc 172146
goa_wp 1 2027 SSBFofl 150627
goa_wp 1 2027 SSBLCI 98274.8
goa_wp 1 2027 SSBUCI 324840
goa_wp 1 2027 SSBMedian 112075
goa_wp 1 2027 SSBMean 153599
goa_wp 1 2028 SSBF100 430364
goa_wp 1 2028 SSBFabc 172146
goa_wp 1 2028 SSBFofl 150627
goa_wp 1 2028 SSBLCI 78204.9
goa_wp 1 2028 SSBUCI 419794
goa_wp 1 2028 SSBMedian 104338
goa_wp 1 2028 SSBMean 162259
goa_wp 1 2029 SSBF100 430364
goa_wp 1 2029 SSBFabc 172146
goa_wp 1 2029 SSBFofl 150627
goa_wp 1 2029 SSBLCI 68565.3
goa_wp 1 2029 SSBUCI 449532
goa_wp 1 2029 SSBMedian 103287
goa_wp 1 2029 SSBMean 173207
goa_wp 1 2030 SSBF100 430364
goa_wp 1 2030 SSBFabc 172146
goa_wp 1 2030 SSBFofl 150627
goa_wp 1 2030 SSBLCI 64285.5
goa_wp 1 2030 SSBUCI 565390
goa_wp 1 2030 SSBMedian 104874
goa_wp 1 2030 SSBMean 185116
goa_wp 1 2031 SSBF100 430364
goa_wp 1 2031 SSBFabc 172146
goa_wp 1 2031 SSBFofl 150627
goa_wp 1 2031 SSBLCI 57603.7
goa_wp 1 2031 SSBUCI 578319
goa_wp 1 2031 SSBMedian 106488
goa_wp 1 2031 SSBMean 186595
goa_wp 1 2032 SSBF100 430364
goa_wp 1 2032 SSBFabc 172146
goa_wp 1 2032 SSBFofl 150627
goa_wp 1 2032 SSBLCI 54569
goa_wp 1 2032 SSBUCI 547118
goa_wp 1 2032 SSBMedian 109030
goa_wp 1 2032 SSBMean 185973
goa_wp 1 2033 SSBF100 430364
goa_wp 1 2033 SSBFabc 172146
goa_wp 1 2033 SSBFofl 150627
goa_wp 1 2033 SSBLCI 53332.9
goa_wp 1 2033 SSBUCI 567080
goa_wp 1 2033 SSBMedian 110925
goa_wp 1 2033 SSBMean 187820
goa_wp 1 2034 SSBF100 430364
goa_wp 1 2034 SSBFabc 172146
goa_wp 1 2034 SSBFofl 150627
goa_wp 1 2034 SSBLCI 53360
goa_wp 1 2034 SSBUCI 592628
goa_wp 1 2034 SSBMedian 110723
goa_wp 1 2034 SSBMean 189804
goa_wp 1 2035 SSBF100 430364
goa_wp 1 2035 SSBFabc 172146
goa_wp 1 2035 SSBFofl 150627
goa_wp 1 2035 SSBLCI 53297.8
goa_wp 1 2035 SSBUCI 572608
goa_wp 1 2035 SSBMedian 108627
goa_wp 1 2035 SSBMean 188389
goa_wp 1 2022 F0 0 
goa_wp 1 2022 Fabc 0.286208
goa_wp 1 2022 Fofl 0.338585
goa_wp 1 2022  F_LCI 0.359426
goa_wp 1 2022  F_UCI 0.359426
goa_wp 1 2022  F_Median 0.359426
goa_wp 1 2022  F_Mean 0.359426
goa_wp 1 2023 F0 0 
goa_wp 1 2023 Fabc 0.286208
goa_wp 1 2023 Fofl 0.338585
goa_wp 1 2023  F_LCI 0.286208
goa_wp 1 2023  F_UCI 0.286208
goa_wp 1 2023  F_Median 0.286208
goa_wp 1 2023  F_Mean 0.286208
goa_wp 1 2024 F0 0 
goa_wp 1 2024 Fabc 0.286208
goa_wp 1 2024 Fofl 0.338585
goa_wp 1 2024  F_LCI 0.286208
goa_wp 1 2024  F_UCI 0.286208
goa_wp 1 2024  F_Median 0.286208
goa_wp 1 2024  F_Mean 0.286208
goa_wp 1 2025 F0 0 
goa_wp 1 2025 Fabc 0.286208
goa_wp 1 2025 Fofl 0.338585
goa_wp 1 2025  F_LCI 0.278412
goa_wp 1 2025  F_UCI 0.286208
goa_wp 1 2025  F_Median 0.280139
goa_wp 1 2025  F_Mean 0.281414
goa_wp 1 2026 F0 0 
goa_wp 1 2026 Fabc 0.286208
goa_wp 1 2026 Fofl 0.338585
goa_wp 1 2026  F_LCI 0.218652
goa_wp 1 2026  F_UCI 0.286208
goa_wp 1 2026  F_Median 0.227815
goa_wp 1 2026  F_Mean 0.238246
goa_wp 1 2027 F0 0 
goa_wp 1 2027 Fabc 0.286208
goa_wp 1 2027 Fofl 0.338585
goa_wp 1 2027  F_LCI 0.156925
goa_wp 1 2027  F_UCI 0.286208
goa_wp 1 2027  F_Median 0.181077
goa_wp 1 2027  F_Mean 0.202065
goa_wp 1 2028 F0 0 
goa_wp 1 2028 Fabc 0.286208
goa_wp 1 2028 Fofl 0.338585
goa_wp 1 2028  F_LCI 0
goa_wp 1 2028  F_UCI 0.286208
goa_wp 1 2028  F_Median 0.167536
goa_wp 1 2028  F_Mean 0.159938
goa_wp 1 2029 F0 0 
goa_wp 1 2029 Fabc 0.286208
goa_wp 1 2029 Fofl 0.338585
goa_wp 1 2029  F_LCI 0
goa_wp 1 2029  F_UCI 0.286208
goa_wp 1 2029  F_Median 0.165697
goa_wp 1 2029  F_Mean 0.144223
goa_wp 1 2030 F0 0 
goa_wp 1 2030 Fabc 0.286208
goa_wp 1 2030 Fofl 0.338585
goa_wp 1 2030  F_LCI 0
goa_wp 1 2030  F_UCI 0.286208
goa_wp 1 2030  F_Median 0.168474
goa_wp 1 2030  F_Mean 0.150417
goa_wp 1 2031 F0 0 
goa_wp 1 2031 Fabc 0.286208
goa_wp 1 2031 Fofl 0.338585
goa_wp 1 2031  F_LCI 0
goa_wp 1 2031  F_UCI 0.286208
goa_wp 1 2031  F_Median 0.171299
goa_wp 1 2031  F_Mean 0.150537
goa_wp 1 2032 F0 0 
goa_wp 1 2032 Fabc 0.286208
goa_wp 1 2032 Fofl 0.338585
goa_wp 1 2032  F_LCI 0
goa_wp 1 2032  F_UCI 0.286208
goa_wp 1 2032  F_Median 0.175747
goa_wp 1 2032  F_Mean 0.15324
goa_wp 1 2033 F0 0 
goa_wp 1 2033 Fabc 0.286208
goa_wp 1 2033 Fofl 0.338585
goa_wp 1 2033  F_LCI 0
goa_wp 1 2033  F_UCI 0.286208
goa_wp 1 2033  F_Median 0.179062
goa_wp 1 2033  F_Mean 0.155176
goa_wp 1 2034 F0 0 
goa_wp 1 2034 Fabc 0.286208
goa_wp 1 2034 Fofl 0.338585
goa_wp 1 2034  F_LCI 0
goa_wp 1 2034  F_UCI 0.286208
goa_wp 1 2034  F_Median 0.178708
goa_wp 1 2034  F_Mean 0.154614
goa_wp 1 2035 F0 0 
goa_wp 1 2035 Fabc 0.286208
goa_wp 1 2035 Fofl 0.338585
goa_wp 1 2035  F_LCI 0
goa_wp 1 2035  F_UCI 0.286208
goa_wp 1 2035  F_Median 0.175041
goa_wp 1 2035  F_Mean 0.154625
goa_wp 2 2022 Cabc 134686
goa_wp 2 2022 Cofl 145862
goa_wp 2 2022 CLCI 129754
goa_wp 2 2022 CUCI 129754
goa_wp 2 2022 CMedian 129754
goa_wp 2 2022 CMean 129754
goa_wp 2 2022 CStdn 2.35741e-09
goa_wp 2 2023 Cabc 134686
goa_wp 2 2023 Cofl 145862
goa_wp 2 2023 CLCI 110194
goa_wp 2 2023 CUCI 110760
goa_wp 2 2023 CMedian 110211
goa_wp 2 2023 CMean 110329
goa_wp 2 2023 CStdn 525.187
goa_wp 2 2024 Cabc 134686
goa_wp 2 2024 Cofl 145862
goa_wp 2 2024 CLCI 107135
goa_wp 2 2024 CUCI 118160
goa_wp 2 2024 CMedian 107541
goa_wp 2 2024 CMean 109857
goa_wp 2 2024 CStdn 10278
goa_wp 2 2025 Cabc 134686
goa_wp 2 2025 Cofl 145862
goa_wp 2 2025 CLCI 86390.2
goa_wp 2 2025 CUCI 180603
goa_wp 2 2025 CMedian 90598.1
goa_wp 2 2025 CMean 108065
goa_wp 2 2025 CStdn 74939.3
goa_wp 2 2026 Cabc 134686
goa_wp 2 2026 Cofl 145862
goa_wp 2 2026 CLCI 46836.2
goa_wp 2 2026 CUCI 247958
goa_wp 2 2026 CMedian 57466.4
goa_wp 2 2026 CMean 94298.6
goa_wp 2 2026 CStdn 132825
goa_wp 2 2027 Cabc 134686
goa_wp 2 2027 Cofl 145862
goa_wp 2 2027 CLCI 22852.9
goa_wp 2 2027 CUCI 332072
goa_wp 2 2027 CMedian 40697.5
goa_wp 2 2027 CMean 95970.9
goa_wp 2 2027 CStdn 172559
goa_wp 2 2028 Cabc 134686
goa_wp 2 2028 Cofl 145862
goa_wp 2 2028 CLCI 0
goa_wp 2 2028 CUCI 368558
goa_wp 2 2028 CMedian 38256.2
goa_wp 2 2028 CMean 102398
goa_wp 2 2028 CStdn 196014
goa_wp 2 2029 Cabc 134686
goa_wp 2 2029 Cofl 145862
goa_wp 2 2029 CLCI 0
goa_wp 2 2029 CUCI 469785
goa_wp 2 2029 CMedian 38874.8
goa_wp 2 2029 CMean 113193
goa_wp 2 2029 CStdn 214913
goa_wp 2 2030 Cabc 134686
goa_wp 2 2030 Cofl 145862
goa_wp 2 2030 CLCI 0
goa_wp 2 2030 CUCI 480304
goa_wp 2 2030 CMedian 38828.2
goa_wp 2 2030 CMean 115192
goa_wp 2 2030 CStdn 222302
goa_wp 2 2031 Cabc 134686
goa_wp 2 2031 Cofl 145862
goa_wp 2 2031 CLCI 0
goa_wp 2 2031 CUCI 460883
goa_wp 2 2031 CMedian 42998.8
goa_wp 2 2031 CMean 117623
goa_wp 2 2031 CStdn 217038
goa_wp 2 2032 Cabc 134686
goa_wp 2 2032 Cofl 145862
goa_wp 2 2032 CLCI 0
goa_wp 2 2032 CUCI 488422
goa_wp 2 2032 CMedian 46522.4
goa_wp 2 2032 CMean 119258
goa_wp 2 2032 CStdn 209173
goa_wp 2 2033 Cabc 134686
goa_wp 2 2033 Cofl 145862
goa_wp 2 2033 CLCI 0
goa_wp 2 2033 CUCI 514492
goa_wp 2 2033 CMedian 46477.3
goa_wp 2 2033 CMean 120918
goa_wp 2 2033 CStdn 207908
goa_wp 2 2034 Cabc 134686
goa_wp 2 2034 Cofl 145862
goa_wp 2 2034 CLCI 0
goa_wp 2 2034 CUCI 486084
goa_wp 2 2034 CMedian 44818.7
goa_wp 2 2034 CMean 118987
goa_wp 2 2034 CStdn 206203
goa_wp 2 2035 Cabc 134686
goa_wp 2 2035 Cofl 145862
goa_wp 2 2035 CLCI 0
goa_wp 2 2035 CUCI 507623
goa_wp 2 2035 CMedian 41757.5
goa_wp 2 2035 CMean 119321
goa_wp 2 2035 CStdn 212602
goa_wp 2 2022 SSBF100 430364
goa_wp 2 2022 SSBFabc 172146
goa_wp 2 2022 SSBFofl 150627
goa_wp 2 2022 SSBLCI 228234
goa_wp 2 2022 SSBUCI 228234
goa_wp 2 2022 SSBMedian 228234
goa_wp 2 2022 SSBMean 228234
goa_wp 2 2023 SSBF100 430364
goa_wp 2 2023 SSBFabc 172146
goa_wp 2 2023 SSBFofl 150627
goa_wp 2 2023 SSBLCI 200024
goa_wp 2 2023 SSBUCI 200024
goa_wp 2 2023 SSBMedian 200024
goa_wp 2 2023 SSBMean 200024
goa_wp 2 2024 SSBF100 430364
goa_wp 2 2024 SSBFabc 172146
goa_wp 2 2024 SSBFofl 150627
goa_wp 2 2024 SSBLCI 183542
goa_wp 2 2024 SSBUCI 187011
goa_wp 2 2024 SSBMedian 183649
goa_wp 2 2024 SSBMean 184370
goa_wp 2 2025 SSBF100 430364
goa_wp 2 2025 SSBFabc 172146
goa_wp 2 2025 SSBFofl 150627
goa_wp 2 2025 SSBLCI 167691
goa_wp 2 2025 SSBUCI 192325
goa_wp 2 2025 SSBMedian 168679
goa_wp 2 2025 SSBMean 173326
goa_wp 2 2026 SSBF100 430364
goa_wp 2 2026 SSBFabc 172146
goa_wp 2 2026 SSBFofl 150627
goa_wp 2 2026 SSBLCI 133546
goa_wp 2 2026 SSBUCI 239509
goa_wp 2 2026 SSBMedian 138782
goa_wp 2 2026 SSBMean 158864
goa_wp 2 2027 SSBF100 430364
goa_wp 2 2027 SSBFabc 172146
goa_wp 2 2027 SSBFofl 150627
goa_wp 2 2027 SSBLCI 98274.8
goa_wp 2 2027 SSBUCI 324840
goa_wp 2 2027 SSBMedian 112075
goa_wp 2 2027 SSBMean 153600
goa_wp 2 2028 SSBF100 430364
goa_wp 2 2028 SSBFabc 172146
goa_wp 2 2028 SSBFofl 150627
goa_wp 2 2028 SSBLCI 78204.9
goa_wp 2 2028 SSBUCI 419794
goa_wp 2 2028 SSBMedian 104338
goa_wp 2 2028 SSBMean 162262
goa_wp 2 2029 SSBF100 430364
goa_wp 2 2029 SSBFabc 172146
goa_wp 2 2029 SSBFofl 150627
goa_wp 2 2029 SSBLCI 68565.3
goa_wp 2 2029 SSBUCI 449532
goa_wp 2 2029 SSBMedian 103287
goa_wp 2 2029 SSBMean 173215
goa_wp 2 2030 SSBF100 430364
goa_wp 2 2030 SSBFabc 172146
goa_wp 2 2030 SSBFofl 150627
goa_wp 2 2030 SSBLCI 64285.5
goa_wp 2 2030 SSBUCI 565390
goa_wp 2 2030 SSBMedian 104874
goa_wp 2 2030 SSBMean 185179
goa_wp 2 2031 SSBF100 430364
goa_wp 2 2031 SSBFabc 172146
goa_wp 2 2031 SSBFofl 150627
goa_wp 2 2031 SSBLCI 57603.7
goa_wp 2 2031 SSBUCI 578319
goa_wp 2 2031 SSBMedian 106488
goa_wp 2 2031 SSBMean 186717
goa_wp 2 2032 SSBF100 430364
goa_wp 2 2032 SSBFabc 172146
goa_wp 2 2032 SSBFofl 150627
goa_wp 2 2032 SSBLCI 54569
goa_wp 2 2032 SSBUCI 547118
goa_wp 2 2032 SSBMedian 109030
goa_wp 2 2032 SSBMean 186108
goa_wp 2 2033 SSBF100 430364
goa_wp 2 2033 SSBFabc 172146
goa_wp 2 2033 SSBFofl 150627
goa_wp 2 2033 SSBLCI 53332.9
goa_wp 2 2033 SSBUCI 567080
goa_wp 2 2033 SSBMedian 110925
goa_wp 2 2033 SSBMean 187931
goa_wp 2 2034 SSBF100 430364
goa_wp 2 2034 SSBFabc 172146
goa_wp 2 2034 SSBFofl 150627
goa_wp 2 2034 SSBLCI 53360
goa_wp 2 2034 SSBUCI 592628
goa_wp 2 2034 SSBMedian 110723
goa_wp 2 2034 SSBMean 189880
goa_wp 2 2035 SSBF100 430364
goa_wp 2 2035 SSBFabc 172146
goa_wp 2 2035 SSBFofl 150627
goa_wp 2 2035 SSBLCI 53297.8
goa_wp 2 2035 SSBUCI 572608
goa_wp 2 2035 SSBMedian 108627
goa_wp 2 2035 SSBMean 188440
goa_wp 2 2022 F0 0 
goa_wp 2 2022 Fabc 0.286208
goa_wp 2 2022 Fofl 0.338585
goa_wp 2 2022  F_LCI 0.359426
goa_wp 2 2022  F_UCI 0.359426
goa_wp 2 2022  F_Median 0.359426
goa_wp 2 2022  F_Mean 0.359426
goa_wp 2 2023 F0 0 
goa_wp 2 2023 Fabc 0.286208
goa_wp 2 2023 Fofl 0.338585
goa_wp 2 2023  F_LCI 0.286208
goa_wp 2 2023  F_UCI 0.286208
goa_wp 2 2023  F_Median 0.286208
goa_wp 2 2023  F_Mean 0.286208
goa_wp 2 2024 F0 0 
goa_wp 2 2024 Fabc 0.286208
goa_wp 2 2024 Fofl 0.338585
goa_wp 2 2024  F_LCI 0.286208
goa_wp 2 2024  F_UCI 0.286208
goa_wp 2 2024  F_Median 0.286208
goa_wp 2 2024  F_Mean 0.286208
goa_wp 2 2025 F0 0 
goa_wp 2 2025 Fabc 0.286208
goa_wp 2 2025 Fofl 0.338585
goa_wp 2 2025  F_LCI 0.278412
goa_wp 2 2025  F_UCI 0.286208
goa_wp 2 2025  F_Median 0.280139
goa_wp 2 2025  F_Mean 0.281414
goa_wp 2 2026 F0 0 
goa_wp 2 2026 Fabc 0.286208
goa_wp 2 2026 Fofl 0.338585
goa_wp 2 2026  F_LCI 0.218652
goa_wp 2 2026  F_UCI 0.286208
goa_wp 2 2026  F_Median 0.227815
goa_wp 2 2026  F_Mean 0.238246
goa_wp 2 2027 F0 0 
goa_wp 2 2027 Fabc 0.286208
goa_wp 2 2027 Fofl 0.338585
goa_wp 2 2027  F_LCI 0.156925
goa_wp 2 2027  F_UCI 0.286208
goa_wp 2 2027  F_Median 0.181077
goa_wp 2 2027  F_Mean 0.202063
goa_wp 2 2028 F0 0 
goa_wp 2 2028 Fabc 0.286208
goa_wp 2 2028 Fofl 0.338585
goa_wp 2 2028  F_LCI 0
goa_wp 2 2028  F_UCI 0.286208
goa_wp 2 2028  F_Median 0.167536
goa_wp 2 2028  F_Mean 0.159938
goa_wp 2 2029 F0 0 
goa_wp 2 2029 Fabc 0.286208
goa_wp 2 2029 Fofl 0.338585
goa_wp 2 2029  F_LCI 0
goa_wp 2 2029  F_UCI 0.286208
goa_wp 2 2029  F_Median 0.165697
goa_wp 2 2029  F_Mean 0.144196
goa_wp 2 2030 F0 0 
goa_wp 2 2030 Fabc 0.286208
goa_wp 2 2030 Fofl 0.338585
goa_wp 2 2030  F_LCI 0
goa_wp 2 2030  F_UCI 0.286208
goa_wp 2 2030  F_Median 0.168474
goa_wp 2 2030  F_Mean 0.150385
goa_wp 2 2031 F0 0 
goa_wp 2 2031 Fabc 0.286208
goa_wp 2 2031 Fofl 0.338585
goa_wp 2 2031  F_LCI 0
goa_wp 2 2031  F_UCI 0.286208
goa_wp 2 2031  F_Median 0.171299
goa_wp 2 2031  F_Mean 0.150511
goa_wp 2 2032 F0 0 
goa_wp 2 2032 Fabc 0.286208
goa_wp 2 2032 Fofl 0.338585
goa_wp 2 2032  F_LCI 0
goa_wp 2 2032  F_UCI 0.286208
goa_wp 2 2032  F_Median 0.175747
goa_wp 2 2032  F_Mean 0.153227
goa_wp 2 2033 F0 0 
goa_wp 2 2033 Fabc 0.286208
goa_wp 2 2033 Fofl 0.338585
goa_wp 2 2033  F_LCI 0
goa_wp 2 2033  F_UCI 0.286208
goa_wp 2 2033  F_Median 0.179062
goa_wp 2 2033  F_Mean 0.155176
goa_wp 2 2034 F0 0 
goa_wp 2 2034 Fabc 0.286208
goa_wp 2 2034 Fofl 0.338585
goa_wp 2 2034  F_LCI 0
goa_wp 2 2034  F_UCI 0.286208
goa_wp 2 2034  F_Median 0.178708
goa_wp 2 2034  F_Mean 0.154614
goa_wp 2 2035 F0 0 
goa_wp 2 2035 Fabc 0.286208
goa_wp 2 2035 Fofl 0.338585
goa_wp 2 2035  F_LCI 0
goa_wp 2 2035  F_UCI 0.286208
goa_wp 2 2035  F_Median 0.175041
goa_wp 2 2035  F_Mean 0.154612
goa_wp 3 2022 Cabc 134686
goa_wp 3 2022 Cofl 145862
goa_wp 3 2022 CLCI 129754
goa_wp 3 2022 CUCI 129754
goa_wp 3 2022 CMedian 129754
goa_wp 3 2022 CMean 129754
goa_wp 3 2022 CStdn 2.35741e-09
goa_wp 3 2023 Cabc 134686
goa_wp 3 2023 Cofl 145862
goa_wp 3 2023 CLCI 75226.1
goa_wp 3 2023 CUCI 75600.8
goa_wp 3 2023 CMedian 75237.6
goa_wp 3 2023 CMean 75315.6
goa_wp 3 2023 CStdn 347.637
goa_wp 3 2024 Cabc 134686
goa_wp 3 2024 Cofl 145862
goa_wp 3 2024 CLCI 77668.4
goa_wp 3 2024 CUCI 84980.1
goa_wp 3 2024 CMedian 77937.5
goa_wp 3 2024 CMean 79473.5
goa_wp 3 2024 CStdn 6816.33
goa_wp 3 2025 Cabc 134686
goa_wp 3 2025 Cofl 145862
goa_wp 3 2025 CLCI 68921.9
goa_wp 3 2025 CUCI 130218
goa_wp 3 2025 CMedian 71473.3
goa_wp 3 2025 CMean 82989.7
goa_wp 3 2025 CStdn 50298.2
goa_wp 3 2026 Cabc 134686
goa_wp 3 2026 Cofl 145862
goa_wp 3 2026 CLCI 49756.9
goa_wp 3 2026 CUCI 180331
goa_wp 3 2026 CMedian 57390.2
goa_wp 3 2026 CMean 81511.2
goa_wp 3 2026 CStdn 91115.5
goa_wp 3 2027 Cabc 134686
goa_wp 3 2027 Cofl 145862
goa_wp 3 2027 CLCI 32893.6
goa_wp 3 2027 CUCI 249138
goa_wp 3 2027 CMedian 48109.2
goa_wp 3 2027 CMean 85123.9
goa_wp 3 2027 CStdn 122057
goa_wp 3 2028 Cabc 134686
goa_wp 3 2028 Cofl 145862
goa_wp 3 2028 CLCI 23268.1
goa_wp 3 2028 CUCI 283871
goa_wp 3 2028 CMedian 46342.8
goa_wp 3 2028 CMean 92221.1
goa_wp 3 2028 CStdn 139904
goa_wp 3 2029 Cabc 134686
goa_wp 3 2029 Cofl 145862
goa_wp 3 2029 CLCI 17768.5
goa_wp 3 2029 CUCI 343307
goa_wp 3 2029 CMedian 46549.5
goa_wp 3 2029 CMean 100961
goa_wp 3 2029 CStdn 155799
goa_wp 3 2030 Cabc 134686
goa_wp 3 2030 Cofl 145862
goa_wp 3 2030 CLCI 10774.9
goa_wp 3 2030 CUCI 368293
goa_wp 3 2030 CMedian 45266
goa_wp 3 2030 CMean 100003
goa_wp 3 2030 CStdn 163957
goa_wp 3 2031 Cabc 134686
goa_wp 3 2031 Cofl 145862
goa_wp 3 2031 CLCI 11664.6
goa_wp 3 2031 CUCI 379804
goa_wp 3 2031 CMedian 49426.3
goa_wp 3 2031 CMean 103963
goa_wp 3 2031 CStdn 162573
goa_wp 3 2032 Cabc 134686
goa_wp 3 2032 Cofl 145862
goa_wp 3 2032 CLCI 11398.9
goa_wp 3 2032 CUCI 376930
goa_wp 3 2032 CMedian 50764.8
goa_wp 3 2032 CMean 104406
goa_wp 3 2032 CStdn 155696
goa_wp 3 2033 Cabc 134686
goa_wp 3 2033 Cofl 145862
goa_wp 3 2033 CLCI 11304.6
goa_wp 3 2033 CUCI 389831
goa_wp 3 2033 CMedian 52012.6
goa_wp 3 2033 CMean 105411
goa_wp 3 2033 CStdn 153729
goa_wp 3 2034 Cabc 134686
goa_wp 3 2034 Cofl 145862
goa_wp 3 2034 CLCI 11389
goa_wp 3 2034 CUCI 370636
goa_wp 3 2034 CMedian 50778.6
goa_wp 3 2034 CMean 103670
goa_wp 3 2034 CStdn 152778
goa_wp 3 2035 Cabc 134686
goa_wp 3 2035 Cofl 145862
goa_wp 3 2035 CLCI 11201.4
goa_wp 3 2035 CUCI 397341
goa_wp 3 2035 CMedian 47241.8
goa_wp 3 2035 CMean 103579
goa_wp 3 2035 CStdn 156517
goa_wp 3 2022 SSBF100 430364
goa_wp 3 2022 SSBFabc 172146
goa_wp 3 2022 SSBFofl 150627
goa_wp 3 2022 SSBLCI 228234
goa_wp 3 2022 SSBUCI 228234
goa_wp 3 2022 SSBMedian 228234
goa_wp 3 2022 SSBMean 228234
goa_wp 3 2023 SSBF100 430364
goa_wp 3 2023 SSBFabc 172146
goa_wp 3 2023 SSBFofl 150627
goa_wp 3 2023 SSBLCI 202227
goa_wp 3 2023 SSBUCI 202227
goa_wp 3 2023 SSBMedian 202227
goa_wp 3 2023 SSBMean 202227
goa_wp 3 2024 SSBF100 430364
goa_wp 3 2024 SSBFabc 172146
goa_wp 3 2024 SSBFofl 150627
goa_wp 3 2024 SSBLCI 195124
goa_wp 3 2024 SSBUCI 198597
goa_wp 3 2024 SSBMedian 195231
goa_wp 3 2024 SSBMean 195953
goa_wp 3 2025 SSBF100 430364
goa_wp 3 2025 SSBFabc 172146
goa_wp 3 2025 SSBFofl 150627
goa_wp 3 2025 SSBLCI 188170
goa_wp 3 2025 SSBUCI 213269
goa_wp 3 2025 SSBMedian 189208
goa_wp 3 2025 SSBMean 193935
goa_wp 3 2026 SSBF100 430364
goa_wp 3 2026 SSBFabc 172146
goa_wp 3 2026 SSBFofl 150627
goa_wp 3 2026 SSBLCI 157936
goa_wp 3 2026 SSBUCI 271453
goa_wp 3 2026 SSBMedian 163645
goa_wp 3 2026 SSBMean 185035
goa_wp 3 2027 SSBF100 430364
goa_wp 3 2027 SSBFabc 172146
goa_wp 3 2027 SSBFofl 150627
goa_wp 3 2027 SSBLCI 117170
goa_wp 3 2027 SSBUCI 372493
goa_wp 3 2027 SSBMedian 132813
goa_wp 3 2027 SSBMean 179389
goa_wp 3 2028 SSBF100 430364
goa_wp 3 2028 SSBFabc 172146
goa_wp 3 2028 SSBFofl 150627
goa_wp 3 2028 SSBLCI 88936.8
goa_wp 3 2028 SSBUCI 491749
goa_wp 3 2028 SSBMedian 119496
goa_wp 3 2028 SSBMean 187634
goa_wp 3 2029 SSBF100 430364
goa_wp 3 2029 SSBFabc 172146
goa_wp 3 2029 SSBFofl 150627
goa_wp 3 2029 SSBLCI 69162.8
goa_wp 3 2029 SSBUCI 539324
goa_wp 3 2029 SSBMedian 112381
goa_wp 3 2029 SSBMean 197875
goa_wp 3 2030 SSBF100 430364
goa_wp 3 2030 SSBFabc 172146
goa_wp 3 2030 SSBFofl 150627
goa_wp 3 2030 SSBLCI 57949.2
goa_wp 3 2030 SSBUCI 689038
goa_wp 3 2030 SSBMedian 110793
goa_wp 3 2030 SSBMean 210510
goa_wp 3 2031 SSBF100 430364
goa_wp 3 2031 SSBFabc 172146
goa_wp 3 2031 SSBFofl 150627
goa_wp 3 2031 SSBLCI 49098.5
goa_wp 3 2031 SSBUCI 708856
goa_wp 3 2031 SSBMedian 111275
goa_wp 3 2031 SSBMean 213403
goa_wp 3 2032 SSBF100 430364
goa_wp 3 2032 SSBFabc 172146
goa_wp 3 2032 SSBFofl 150627
goa_wp 3 2032 SSBLCI 43423.4
goa_wp 3 2032 SSBUCI 702383
goa_wp 3 2032 SSBMedian 114081
goa_wp 3 2032 SSBMean 213453
goa_wp 3 2033 SSBF100 430364
goa_wp 3 2033 SSBFabc 172146
goa_wp 3 2033 SSBFofl 150627
goa_wp 3 2033 SSBLCI 39844.9
goa_wp 3 2033 SSBUCI 710041
goa_wp 3 2033 SSBMedian 117563
goa_wp 3 2033 SSBMean 215392
goa_wp 3 2034 SSBF100 430364
goa_wp 3 2034 SSBFabc 172146
goa_wp 3 2034 SSBFofl 150627
goa_wp 3 2034 SSBLCI 37884.5
goa_wp 3 2034 SSBUCI 735325
goa_wp 3 2034 SSBMedian 119977
goa_wp 3 2034 SSBMean 218293
goa_wp 3 2035 SSBF100 430364
goa_wp 3 2035 SSBFabc 172146
goa_wp 3 2035 SSBFofl 150627
goa_wp 3 2035 SSBLCI 35944.8
goa_wp 3 2035 SSBUCI 693885
goa_wp 3 2035 SSBMedian 120932
goa_wp 3 2035 SSBMean 217325
goa_wp 3 2022 F0 0 
goa_wp 3 2022 Fabc 0.286208
goa_wp 3 2022 Fofl 0.338585
goa_wp 3 2022  F_LCI 0.359426
goa_wp 3 2022  F_UCI 0.359426
goa_wp 3 2022  F_Median 0.359426
goa_wp 3 2022  F_Mean 0.359426
goa_wp 3 2023 F0 0 
goa_wp 3 2023 Fabc 0.286208
goa_wp 3 2023 Fofl 0.338585
goa_wp 3 2023  F_LCI 0.189438
goa_wp 3 2023  F_UCI 0.189438
goa_wp 3 2023  F_Median 0.189438
goa_wp 3 2023  F_Mean 0.189438
goa_wp 3 2024 F0 0 
goa_wp 3 2024 Fabc 0.286208
goa_wp 3 2024 Fofl 0.338585
goa_wp 3 2024  F_LCI 0.189438
goa_wp 3 2024  F_UCI 0.189438
goa_wp 3 2024  F_Median 0.189438
goa_wp 3 2024  F_Mean 0.189438
goa_wp 3 2025 F0 0 
goa_wp 3 2025 Fabc 0.286208
goa_wp 3 2025 Fofl 0.338585
goa_wp 3 2025  F_LCI 0.189438
goa_wp 3 2025  F_UCI 0.189438
goa_wp 3 2025  F_Median 0.189438
goa_wp 3 2025  F_Mean 0.189438
goa_wp 3 2026 F0 0 
goa_wp 3 2026 Fabc 0.286208
goa_wp 3 2026 Fofl 0.338585
goa_wp 3 2026  F_LCI 0.189438
goa_wp 3 2026  F_UCI 0.189438
goa_wp 3 2026  F_Median 0.189438
goa_wp 3 2026  F_Mean 0.189438
goa_wp 3 2027 F0 0 
goa_wp 3 2027 Fabc 0.286208
goa_wp 3 2027 Fofl 0.338585
goa_wp 3 2027  F_LCI 0.189438
goa_wp 3 2027  F_UCI 0.189438
goa_wp 3 2027  F_Median 0.189438
goa_wp 3 2027  F_Mean 0.189438
goa_wp 3 2028 F0 0 
goa_wp 3 2028 Fabc 0.286208
goa_wp 3 2028 Fofl 0.338585
goa_wp 3 2028  F_LCI 0.189438
goa_wp 3 2028  F_UCI 0.189438
goa_wp 3 2028  F_Median 0.189438
goa_wp 3 2028  F_Mean 0.189438
goa_wp 3 2029 F0 0 
goa_wp 3 2029 Fabc 0.286208
goa_wp 3 2029 Fofl 0.338585
goa_wp 3 2029  F_LCI 0.189438
goa_wp 3 2029  F_UCI 0.189438
goa_wp 3 2029  F_Median 0.189438
goa_wp 3 2029  F_Mean 0.189438
goa_wp 3 2030 F0 0 
goa_wp 3 2030 Fabc 0.286208
goa_wp 3 2030 Fofl 0.338585
goa_wp 3 2030  F_LCI 0.189438
goa_wp 3 2030  F_UCI 0.189438
goa_wp 3 2030  F_Median 0.189438
goa_wp 3 2030  F_Mean 0.189438
goa_wp 3 2031 F0 0 
goa_wp 3 2031 Fabc 0.286208
goa_wp 3 2031 Fofl 0.338585
goa_wp 3 2031  F_LCI 0.189438
goa_wp 3 2031  F_UCI 0.189438
goa_wp 3 2031  F_Median 0.189438
goa_wp 3 2031  F_Mean 0.189438
goa_wp 3 2032 F0 0 
goa_wp 3 2032 Fabc 0.286208
goa_wp 3 2032 Fofl 0.338585
goa_wp 3 2032  F_LCI 0.189438
goa_wp 3 2032  F_UCI 0.189438
goa_wp 3 2032  F_Median 0.189438
goa_wp 3 2032  F_Mean 0.189438
goa_wp 3 2033 F0 0 
goa_wp 3 2033 Fabc 0.286208
goa_wp 3 2033 Fofl 0.338585
goa_wp 3 2033  F_LCI 0.189438
goa_wp 3 2033  F_UCI 0.189438
goa_wp 3 2033  F_Median 0.189438
goa_wp 3 2033  F_Mean 0.189438
goa_wp 3 2034 F0 0 
goa_wp 3 2034 Fabc 0.286208
goa_wp 3 2034 Fofl 0.338585
goa_wp 3 2034  F_LCI 0.189438
goa_wp 3 2034  F_UCI 0.189438
goa_wp 3 2034  F_Median 0.189438
goa_wp 3 2034  F_Mean 0.189438
goa_wp 3 2035 F0 0 
goa_wp 3 2035 Fabc 0.286208
goa_wp 3 2035 Fofl 0.338585
goa_wp 3 2035  F_LCI 0.189438
goa_wp 3 2035  F_UCI 0.189438
goa_wp 3 2035  F_Median 0.189438
goa_wp 3 2035  F_Mean 0.189438
goa_wp 4 2022 Cabc 134686
goa_wp 4 2022 Cofl 145862
goa_wp 4 2022 CLCI 129754
goa_wp 4 2022 CUCI 129754
goa_wp 4 2022 CMedian 129754
goa_wp 4 2022 CMean 129754
goa_wp 4 2022 CStdn 2.35741e-09
goa_wp 4 2023 Cabc 134686
goa_wp 4 2023 Cofl 145862
goa_wp 4 2023 CLCI 32667.9
goa_wp 4 2023 CUCI 32824.9
goa_wp 4 2023 CMedian 32672.7
goa_wp 4 2023 CMean 32705.4
goa_wp 4 2023 CStdn 145.64
goa_wp 4 2024 Cabc 134686
goa_wp 4 2024 Cofl 145862
goa_wp 4 2024 CLCI 36178.4
goa_wp 4 2024 CUCI 39248.3
goa_wp 4 2024 CMedian 36291.4
goa_wp 4 2024 CMean 36936.3
goa_wp 4 2024 CStdn 2861.87
goa_wp 4 2025 Cabc 134686
goa_wp 4 2025 Cofl 145862
goa_wp 4 2025 CLCI 34874.3
goa_wp 4 2025 CUCI 61103.8
goa_wp 4 2025 CMedian 35960.8
goa_wp 4 2025 CMean 40883.5
goa_wp 4 2025 CStdn 21518.6
goa_wp 4 2026 Cabc 134686
goa_wp 4 2026 Cofl 145862
goa_wp 4 2026 CLCI 27593.5
goa_wp 4 2026 CUCI 84538.1
goa_wp 4 2026 CMedian 30926.3
goa_wp 4 2026 CMean 41631.8
goa_wp 4 2026 CStdn 40692.7
goa_wp 4 2027 Cabc 134686
goa_wp 4 2027 Cofl 145862
goa_wp 4 2027 CLCI 19525.6
goa_wp 4 2027 CUCI 118780
goa_wp 4 2027 CMedian 26532.4
goa_wp 4 2027 CMean 43552.8
goa_wp 4 2027 CStdn 56933.7
goa_wp 4 2028 Cabc 134686
goa_wp 4 2028 Cofl 145862
goa_wp 4 2028 CLCI 14413.2
goa_wp 4 2028 CUCI 139530
goa_wp 4 2028 CMedian 25455.6
goa_wp 4 2028 CMean 47302
goa_wp 4 2028 CStdn 67121.3
goa_wp 4 2029 Cabc 134686
goa_wp 4 2029 Cofl 145862
goa_wp 4 2029 CLCI 11258.4
goa_wp 4 2029 CUCI 170301
goa_wp 4 2029 CMedian 25591
goa_wp 4 2029 CMean 52153.9
goa_wp 4 2029 CStdn 76129.7
goa_wp 4 2030 Cabc 134686
goa_wp 4 2030 Cofl 145862
goa_wp 4 2030 CLCI 5600.51
goa_wp 4 2030 CUCI 192849
goa_wp 4 2030 CMedian 23604.5
goa_wp 4 2030 CMean 51175.5
goa_wp 4 2030 CStdn 81626
goa_wp 4 2031 Cabc 134686
goa_wp 4 2031 Cofl 145862
goa_wp 4 2031 CLCI 0
goa_wp 4 2031 CUCI 195168
goa_wp 4 2031 CMedian 26910.3
goa_wp 4 2031 CMean 53682.9
goa_wp 4 2031 CStdn 83479.5
goa_wp 4 2032 Cabc 134686
goa_wp 4 2032 Cofl 145862
goa_wp 4 2032 CLCI 0
goa_wp 4 2032 CUCI 193393
goa_wp 4 2032 CMedian 27358.9
goa_wp 4 2032 CMean 53489.2
goa_wp 4 2032 CStdn 81078.9
goa_wp 4 2033 Cabc 134686
goa_wp 4 2033 Cofl 145862
goa_wp 4 2033 CLCI 0
goa_wp 4 2033 CUCI 192621
goa_wp 4 2033 CMedian 28375.4
goa_wp 4 2033 CMean 54088.9
goa_wp 4 2033 CStdn 80049.8
goa_wp 4 2034 Cabc 134686
goa_wp 4 2034 Cofl 145862
goa_wp 4 2034 CLCI 0
goa_wp 4 2034 CUCI 203194
goa_wp 4 2034 CMedian 28275.2
goa_wp 4 2034 CMean 52961.7
goa_wp 4 2034 CStdn 79750.9
goa_wp 4 2035 Cabc 134686
goa_wp 4 2035 Cofl 145862
goa_wp 4 2035 CLCI 0
goa_wp 4 2035 CUCI 200898
goa_wp 4 2035 CMedian 25797.6
goa_wp 4 2035 CMean 53004.5
goa_wp 4 2035 CStdn 80677
goa_wp 4 2022 SSBF100 430364
goa_wp 4 2022 SSBFabc 172146
goa_wp 4 2022 SSBFofl 150627
goa_wp 4 2022 SSBLCI 228234
goa_wp 4 2022 SSBUCI 228234
goa_wp 4 2022 SSBMedian 228234
goa_wp 4 2022 SSBMean 228234
goa_wp 4 2023 SSBF100 430364
goa_wp 4 2023 SSBFabc 172146
goa_wp 4 2023 SSBFofl 150627
goa_wp 4 2023 SSBLCI 204782
goa_wp 4 2023 SSBUCI 204782
goa_wp 4 2023 SSBMedian 204782
goa_wp 4 2023 SSBMean 204782
goa_wp 4 2024 SSBF100 430364
goa_wp 4 2024 SSBFabc 172146
goa_wp 4 2024 SSBFofl 150627
goa_wp 4 2024 SSBLCI 209703
goa_wp 4 2024 SSBUCI 213180
goa_wp 4 2024 SSBMedian 209810
goa_wp 4 2024 SSBMean 210533
goa_wp 4 2025 SSBF100 430364
goa_wp 4 2025 SSBFabc 172146
goa_wp 4 2025 SSBFofl 150627
goa_wp 4 2025 SSBLCI 216102
goa_wp 4 2025 SSBUCI 241516
goa_wp 4 2025 SSBMedian 217145
goa_wp 4 2025 SSBMean 221932
goa_wp 4 2026 SSBF100 430364
goa_wp 4 2026 SSBFabc 172146
goa_wp 4 2026 SSBFofl 150627
goa_wp 4 2026 SSBLCI 196794
goa_wp 4 2026 SSBUCI 316158
goa_wp 4 2026 SSBMedian 202699
goa_wp 4 2026 SSBMean 225251
goa_wp 4 2027 SSBF100 430364
goa_wp 4 2027 SSBFabc 172146
goa_wp 4 2027 SSBFofl 150627
goa_wp 4 2027 SSBLCI 157981
goa_wp 4 2027 SSBUCI 428199
goa_wp 4 2027 SSBMedian 175184
goa_wp 4 2027 SSBMean 226916
goa_wp 4 2028 SSBF100 430364
goa_wp 4 2028 SSBFabc 172146
goa_wp 4 2028 SSBFofl 150627
goa_wp 4 2028 SSBLCI 127346
goa_wp 4 2028 SSBUCI 607516
goa_wp 4 2028 SSBMedian 162135
goa_wp 4 2028 SSBMean 242088
goa_wp 4 2029 SSBF100 430364
goa_wp 4 2029 SSBFabc 172146
goa_wp 4 2029 SSBFofl 150627
goa_wp 4 2029 SSBLCI 103530
goa_wp 4 2029 SSBUCI 690087
goa_wp 4 2029 SSBMedian 156082
goa_wp 4 2029 SSBMean 258517
goa_wp 4 2030 SSBF100 430364
goa_wp 4 2030 SSBFabc 172146
goa_wp 4 2030 SSBFofl 150627
goa_wp 4 2030 SSBLCI 89650.5
goa_wp 4 2030 SSBUCI 837654
goa_wp 4 2030 SSBMedian 156892
goa_wp 4 2030 SSBMean 279794
goa_wp 4 2031 SSBF100 430364
goa_wp 4 2031 SSBFabc 172146
goa_wp 4 2031 SSBFofl 150627
goa_wp 4 2031 SSBLCI 75558.7
goa_wp 4 2031 SSBUCI 912751
goa_wp 4 2031 SSBMedian 158699
goa_wp 4 2031 SSBMean 287837
goa_wp 4 2032 SSBF100 430364
goa_wp 4 2032 SSBFabc 172146
goa_wp 4 2032 SSBFofl 150627
goa_wp 4 2032 SSBLCI 69433.1
goa_wp 4 2032 SSBUCI 934503
goa_wp 4 2032 SSBMedian 162607
goa_wp 4 2032 SSBMean 293380
goa_wp 4 2033 SSBF100 430364
goa_wp 4 2033 SSBFabc 172146
goa_wp 4 2033 SSBFofl 150627
goa_wp 4 2033 SSBLCI 64136.9
goa_wp 4 2033 SSBUCI 954752
goa_wp 4 2033 SSBMedian 167951
goa_wp 4 2033 SSBMean 298934
goa_wp 4 2034 SSBF100 430364
goa_wp 4 2034 SSBFabc 172146
goa_wp 4 2034 SSBFofl 150627
goa_wp 4 2034 SSBLCI 63214.2
goa_wp 4 2034 SSBUCI 965708
goa_wp 4 2034 SSBMedian 175018
goa_wp 4 2034 SSBMean 305950
goa_wp 4 2035 SSBF100 430364
goa_wp 4 2035 SSBFabc 172146
goa_wp 4 2035 SSBFofl 150627
goa_wp 4 2035 SSBLCI 60195.2
goa_wp 4 2035 SSBUCI 992478
goa_wp 4 2035 SSBMedian 179659
goa_wp 4 2035 SSBMean 307541
goa_wp 4 2022 F0 0 
goa_wp 4 2022 Fabc 0.286208
goa_wp 4 2022 Fofl 0.338585
goa_wp 4 2022  F_LCI 0.359426
goa_wp 4 2022  F_UCI 0.359426
goa_wp 4 2022  F_Median 0.359426
goa_wp 4 2022  F_Mean 0.359426
goa_wp 4 2023 F0 0 
goa_wp 4 2023 Fabc 0.286208
goa_wp 4 2023 Fofl 0.338585
goa_wp 4 2023  F_LCI 0.0793585
goa_wp 4 2023  F_UCI 0.0793585
goa_wp 4 2023  F_Median 0.0793585
goa_wp 4 2023  F_Mean 0.0793585
goa_wp 4 2024 F0 0 
goa_wp 4 2024 Fabc 0.286208
goa_wp 4 2024 Fofl 0.338585
goa_wp 4 2024  F_LCI 0.0793585
goa_wp 4 2024  F_UCI 0.0793585
goa_wp 4 2024  F_Median 0.0793585
goa_wp 4 2024  F_Mean 0.0793585
goa_wp 4 2025 F0 0 
goa_wp 4 2025 Fabc 0.286208
goa_wp 4 2025 Fofl 0.338585
goa_wp 4 2025  F_LCI 0.0793585
goa_wp 4 2025  F_UCI 0.0793585
goa_wp 4 2025  F_Median 0.0793585
goa_wp 4 2025  F_Mean 0.0793585
goa_wp 4 2026 F0 0 
goa_wp 4 2026 Fabc 0.286208
goa_wp 4 2026 Fofl 0.338585
goa_wp 4 2026  F_LCI 0.0793585
goa_wp 4 2026  F_UCI 0.0793585
goa_wp 4 2026  F_Median 0.0793585
goa_wp 4 2026  F_Mean 0.0793585
goa_wp 4 2027 F0 0 
goa_wp 4 2027 Fabc 0.286208
goa_wp 4 2027 Fofl 0.338585
goa_wp 4 2027  F_LCI 0.0793585
goa_wp 4 2027  F_UCI 0.0793585
goa_wp 4 2027  F_Median 0.0793585
goa_wp 4 2027  F_Mean 0.0793585
goa_wp 4 2028 F0 0 
goa_wp 4 2028 Fabc 0.286208
goa_wp 4 2028 Fofl 0.338585
goa_wp 4 2028  F_LCI 0.0793585
goa_wp 4 2028  F_UCI 0.0793585
goa_wp 4 2028  F_Median 0.0793585
goa_wp 4 2028  F_Mean 0.0793585
goa_wp 4 2029 F0 0 
goa_wp 4 2029 Fabc 0.286208
goa_wp 4 2029 Fofl 0.338585
goa_wp 4 2029  F_LCI 0.0793585
goa_wp 4 2029  F_UCI 0.0793585
goa_wp 4 2029  F_Median 0.0793585
goa_wp 4 2029  F_Mean 0.0793585
goa_wp 4 2030 F0 0 
goa_wp 4 2030 Fabc 0.286208
goa_wp 4 2030 Fofl 0.338585
goa_wp 4 2030  F_LCI 0.0793585
goa_wp 4 2030  F_UCI 0.0793585
goa_wp 4 2030  F_Median 0.0793585
goa_wp 4 2030  F_Mean 0.0773745
goa_wp 4 2031 F0 0 
goa_wp 4 2031 Fabc 0.286208
goa_wp 4 2031 Fofl 0.338585
goa_wp 4 2031  F_LCI 0
goa_wp 4 2031  F_UCI 0.0793585
goa_wp 4 2031  F_Median 0.0793585
goa_wp 4 2031  F_Mean 0.0696767
goa_wp 4 2032 F0 0 
goa_wp 4 2032 Fabc 0.286208
goa_wp 4 2032 Fofl 0.338585
goa_wp 4 2032  F_LCI 0
goa_wp 4 2032  F_UCI 0.0793585
goa_wp 4 2032  F_Median 0.0793585
goa_wp 4 2032  F_Mean 0.0656295
goa_wp 4 2033 F0 0 
goa_wp 4 2033 Fabc 0.286208
goa_wp 4 2033 Fofl 0.338585
goa_wp 4 2033  F_LCI 0
goa_wp 4 2033  F_UCI 0.0793585
goa_wp 4 2033  F_Median 0.0793585
goa_wp 4 2033  F_Mean 0.0642804
goa_wp 4 2034 F0 0 
goa_wp 4 2034 Fabc 0.286208
goa_wp 4 2034 Fofl 0.338585
goa_wp 4 2034  F_LCI 0
goa_wp 4 2034  F_UCI 0.0793585
goa_wp 4 2034  F_Median 0.0793585
goa_wp 4 2034  F_Mean 0.06309
goa_wp 4 2035 F0 0 
goa_wp 4 2035 Fabc 0.286208
goa_wp 4 2035 Fofl 0.338585
goa_wp 4 2035  F_LCI 0
goa_wp 4 2035  F_UCI 0.0793585
goa_wp 4 2035  F_Median 0.0793585
goa_wp 4 2035  F_Mean 0.0635661
goa_wp 5 2022 Cabc 134686
goa_wp 5 2022 Cofl 145862
goa_wp 5 2022 CLCI 129754
goa_wp 5 2022 CUCI 129754
goa_wp 5 2022 CMedian 129754
goa_wp 5 2022 CMean 129754
goa_wp 5 2022 CStdn 2.35741e-09
goa_wp 5 2023 Cabc 134686
goa_wp 5 2023 Cofl 145862
goa_wp 5 2023 CLCI 0
goa_wp 5 2023 CUCI 0
goa_wp 5 2023 CMedian 0
goa_wp 5 2023 CMean 0
goa_wp 5 2023 CStdn 0
goa_wp 5 2024 Cabc 134686
goa_wp 5 2024 Cofl 145862
goa_wp 5 2024 CLCI 0
goa_wp 5 2024 CUCI 0
goa_wp 5 2024 CMedian 0
goa_wp 5 2024 CMean 0
goa_wp 5 2024 CStdn 0
goa_wp 5 2025 Cabc 134686
goa_wp 5 2025 Cofl 145862
goa_wp 5 2025 CLCI 0
goa_wp 5 2025 CUCI 0
goa_wp 5 2025 CMedian 0
goa_wp 5 2025 CMean 0
goa_wp 5 2025 CStdn 0
goa_wp 5 2026 Cabc 134686
goa_wp 5 2026 Cofl 145862
goa_wp 5 2026 CLCI 0
goa_wp 5 2026 CUCI 0
goa_wp 5 2026 CMedian 0
goa_wp 5 2026 CMean 0
goa_wp 5 2026 CStdn 0
goa_wp 5 2027 Cabc 134686
goa_wp 5 2027 Cofl 145862
goa_wp 5 2027 CLCI 0
goa_wp 5 2027 CUCI 0
goa_wp 5 2027 CMedian 0
goa_wp 5 2027 CMean 0
goa_wp 5 2027 CStdn 0
goa_wp 5 2028 Cabc 134686
goa_wp 5 2028 Cofl 145862
goa_wp 5 2028 CLCI 0
goa_wp 5 2028 CUCI 0
goa_wp 5 2028 CMedian 0
goa_wp 5 2028 CMean 0
goa_wp 5 2028 CStdn 0
goa_wp 5 2029 Cabc 134686
goa_wp 5 2029 Cofl 145862
goa_wp 5 2029 CLCI 0
goa_wp 5 2029 CUCI 0
goa_wp 5 2029 CMedian 0
goa_wp 5 2029 CMean 0
goa_wp 5 2029 CStdn 0
goa_wp 5 2030 Cabc 134686
goa_wp 5 2030 Cofl 145862
goa_wp 5 2030 CLCI 0
goa_wp 5 2030 CUCI 0
goa_wp 5 2030 CMedian 0
goa_wp 5 2030 CMean 0
goa_wp 5 2030 CStdn 0
goa_wp 5 2031 Cabc 134686
goa_wp 5 2031 Cofl 145862
goa_wp 5 2031 CLCI 0
goa_wp 5 2031 CUCI 0
goa_wp 5 2031 CMedian 0
goa_wp 5 2031 CMean 0
goa_wp 5 2031 CStdn 0
goa_wp 5 2032 Cabc 134686
goa_wp 5 2032 Cofl 145862
goa_wp 5 2032 CLCI 0
goa_wp 5 2032 CUCI 0
goa_wp 5 2032 CMedian 0
goa_wp 5 2032 CMean 0
goa_wp 5 2032 CStdn 0
goa_wp 5 2033 Cabc 134686
goa_wp 5 2033 Cofl 145862
goa_wp 5 2033 CLCI 0
goa_wp 5 2033 CUCI 0
goa_wp 5 2033 CMedian 0
goa_wp 5 2033 CMean 0
goa_wp 5 2033 CStdn 0
goa_wp 5 2034 Cabc 134686
goa_wp 5 2034 Cofl 145862
goa_wp 5 2034 CLCI 0
goa_wp 5 2034 CUCI 0
goa_wp 5 2034 CMedian 0
goa_wp 5 2034 CMean 0
goa_wp 5 2034 CStdn 0
goa_wp 5 2035 Cabc 134686
goa_wp 5 2035 Cofl 145862
goa_wp 5 2035 CLCI 0
goa_wp 5 2035 CUCI 0
goa_wp 5 2035 CMedian 0
goa_wp 5 2035 CMean 0
goa_wp 5 2035 CStdn 0
goa_wp 5 2022 SSBF100 430364
goa_wp 5 2022 SSBFabc 172146
goa_wp 5 2022 SSBFofl 150627
goa_wp 5 2022 SSBLCI 228234
goa_wp 5 2022 SSBUCI 228234
goa_wp 5 2022 SSBMedian 228234
goa_wp 5 2022 SSBMean 228234
goa_wp 5 2023 SSBF100 430364
goa_wp 5 2023 SSBFabc 172146
goa_wp 5 2023 SSBFofl 150627
goa_wp 5 2023 SSBLCI 206655
goa_wp 5 2023 SSBUCI 206655
goa_wp 5 2023 SSBMedian 206655
goa_wp 5 2023 SSBMean 206655
goa_wp 5 2024 SSBF100 430364
goa_wp 5 2024 SSBFabc 172146
goa_wp 5 2024 SSBFofl 150627
goa_wp 5 2024 SSBLCI 221244
goa_wp 5 2024 SSBUCI 224724
goa_wp 5 2024 SSBMedian 221351
goa_wp 5 2024 SSBMean 222075
goa_wp 5 2025 SSBF100 430364
goa_wp 5 2025 SSBFabc 172146
goa_wp 5 2025 SSBFofl 150627
goa_wp 5 2025 SSBLCI 239726
goa_wp 5 2025 SSBUCI 265369
goa_wp 5 2025 SSBMedian 240776
goa_wp 5 2025 SSBMean 245604
goa_wp 5 2026 SSBF100 430364
goa_wp 5 2026 SSBFabc 172146
goa_wp 5 2026 SSBFofl 150627
goa_wp 5 2026 SSBLCI 232229
goa_wp 5 2026 SSBUCI 355027
goa_wp 5 2026 SSBMedian 238268
goa_wp 5 2026 SSBMean 261701
goa_wp 5 2027 SSBF100 430364
goa_wp 5 2027 SSBFabc 172146
goa_wp 5 2027 SSBFofl 150627
goa_wp 5 2027 SSBLCI 198358
goa_wp 5 2027 SSBUCI 488025
goa_wp 5 2027 SSBMedian 216555
goa_wp 5 2027 SSBMean 272569
goa_wp 5 2028 SSBF100 430364
goa_wp 5 2028 SSBFabc 172146
goa_wp 5 2028 SSBFofl 150627
goa_wp 5 2028 SSBLCI 167806
goa_wp 5 2028 SSBUCI 710503
goa_wp 5 2028 SSBMedian 205545
goa_wp 5 2028 SSBMean 296230
goa_wp 5 2029 SSBF100 430364
goa_wp 5 2029 SSBFabc 172146
goa_wp 5 2029 SSBFofl 150627
goa_wp 5 2029 SSBLCI 141073
goa_wp 5 2029 SSBUCI 816646
goa_wp 5 2029 SSBMedian 201868
goa_wp 5 2029 SSBMean 320146
goa_wp 5 2030 SSBF100 430364
goa_wp 5 2030 SSBFabc 172146
goa_wp 5 2030 SSBFofl 150627
goa_wp 5 2030 SSBLCI 125962
goa_wp 5 2030 SSBUCI 993754
goa_wp 5 2030 SSBMedian 205461
goa_wp 5 2030 SSBMean 351635
goa_wp 5 2031 SSBF100 430364
goa_wp 5 2031 SSBFabc 172146
goa_wp 5 2031 SSBFofl 150627
goa_wp 5 2031 SSBLCI 105321
goa_wp 5 2031 SSBUCI 1.12734e+06
goa_wp 5 2031 SSBMedian 208205
goa_wp 5 2031 SSBMean 365107
goa_wp 5 2032 SSBF100 430364
goa_wp 5 2032 SSBFabc 172146
goa_wp 5 2032 SSBFofl 150627
goa_wp 5 2032 SSBLCI 93917.5
goa_wp 5 2032 SSBUCI 1.14087e+06
goa_wp 5 2032 SSBMedian 212916
goa_wp 5 2032 SSBMean 377209
goa_wp 5 2033 SSBF100 430364
goa_wp 5 2033 SSBFabc 172146
goa_wp 5 2033 SSBFofl 150627
goa_wp 5 2033 SSBLCI 83286.1
goa_wp 5 2033 SSBUCI 1.17127e+06
goa_wp 5 2033 SSBMedian 222783
goa_wp 5 2033 SSBMean 386922
goa_wp 5 2034 SSBF100 430364
goa_wp 5 2034 SSBFabc 172146
goa_wp 5 2034 SSBFofl 150627
goa_wp 5 2034 SSBLCI 79313.8
goa_wp 5 2034 SSBUCI 1.24862e+06
goa_wp 5 2034 SSBMedian 227844
goa_wp 5 2034 SSBMean 398317
goa_wp 5 2035 SSBF100 430364
goa_wp 5 2035 SSBFabc 172146
goa_wp 5 2035 SSBFofl 150627
goa_wp 5 2035 SSBLCI 74874.2
goa_wp 5 2035 SSBUCI 1.26016e+06
goa_wp 5 2035 SSBMedian 234322
goa_wp 5 2035 SSBMean 402453
goa_wp 5 2022 F0 0 
goa_wp 5 2022 Fabc 0.286208
goa_wp 5 2022 Fofl 0.338585
goa_wp 5 2022  F_LCI 0.359426
goa_wp 5 2022  F_UCI 0.359426
goa_wp 5 2022  F_Median 0.359426
goa_wp 5 2022  F_Mean 0.359426
goa_wp 5 2023 F0 0 
goa_wp 5 2023 Fabc 0.286208
goa_wp 5 2023 Fofl 0.338585
goa_wp 5 2023  F_LCI 0
goa_wp 5 2023  F_UCI 0
goa_wp 5 2023  F_Median 0
goa_wp 5 2023  F_Mean 0
goa_wp 5 2024 F0 0 
goa_wp 5 2024 Fabc 0.286208
goa_wp 5 2024 Fofl 0.338585
goa_wp 5 2024  F_LCI 0
goa_wp 5 2024  F_UCI 0
goa_wp 5 2024  F_Median 0
goa_wp 5 2024  F_Mean 0
goa_wp 5 2025 F0 0 
goa_wp 5 2025 Fabc 0.286208
goa_wp 5 2025 Fofl 0.338585
goa_wp 5 2025  F_LCI 0
goa_wp 5 2025  F_UCI 0
goa_wp 5 2025  F_Median 0
goa_wp 5 2025  F_Mean 0
goa_wp 5 2026 F0 0 
goa_wp 5 2026 Fabc 0.286208
goa_wp 5 2026 Fofl 0.338585
goa_wp 5 2026  F_LCI 0
goa_wp 5 2026  F_UCI 0
goa_wp 5 2026  F_Median 0
goa_wp 5 2026  F_Mean 0
goa_wp 5 2027 F0 0 
goa_wp 5 2027 Fabc 0.286208
goa_wp 5 2027 Fofl 0.338585
goa_wp 5 2027  F_LCI 0
goa_wp 5 2027  F_UCI 0
goa_wp 5 2027  F_Median 0
goa_wp 5 2027  F_Mean 0
goa_wp 5 2028 F0 0 
goa_wp 5 2028 Fabc 0.286208
goa_wp 5 2028 Fofl 0.338585
goa_wp 5 2028  F_LCI 0
goa_wp 5 2028  F_UCI 0
goa_wp 5 2028  F_Median 0
goa_wp 5 2028  F_Mean 0
goa_wp 5 2029 F0 0 
goa_wp 5 2029 Fabc 0.286208
goa_wp 5 2029 Fofl 0.338585
goa_wp 5 2029  F_LCI 0
goa_wp 5 2029  F_UCI 0
goa_wp 5 2029  F_Median 0
goa_wp 5 2029  F_Mean 0
goa_wp 5 2030 F0 0 
goa_wp 5 2030 Fabc 0.286208
goa_wp 5 2030 Fofl 0.338585
goa_wp 5 2030  F_LCI 0
goa_wp 5 2030  F_UCI 0
goa_wp 5 2030  F_Median 0
goa_wp 5 2030  F_Mean 0
goa_wp 5 2031 F0 0 
goa_wp 5 2031 Fabc 0.286208
goa_wp 5 2031 Fofl 0.338585
goa_wp 5 2031  F_LCI 0
goa_wp 5 2031  F_UCI 0
goa_wp 5 2031  F_Median 0
goa_wp 5 2031  F_Mean 0
goa_wp 5 2032 F0 0 
goa_wp 5 2032 Fabc 0.286208
goa_wp 5 2032 Fofl 0.338585
goa_wp 5 2032  F_LCI 0
goa_wp 5 2032  F_UCI 0
goa_wp 5 2032  F_Median 0
goa_wp 5 2032  F_Mean 0
goa_wp 5 2033 F0 0 
goa_wp 5 2033 Fabc 0.286208
goa_wp 5 2033 Fofl 0.338585
goa_wp 5 2033  F_LCI 0
goa_wp 5 2033  F_UCI 0
goa_wp 5 2033  F_Median 0
goa_wp 5 2033  F_Mean 0
goa_wp 5 2034 F0 0 
goa_wp 5 2034 Fabc 0.286208
goa_wp 5 2034 Fofl 0.338585
goa_wp 5 2034  F_LCI 0
goa_wp 5 2034  F_UCI 0
goa_wp 5 2034  F_Median 0
goa_wp 5 2034  F_Mean 0
goa_wp 5 2035 F0 0 
goa_wp 5 2035 Fabc 0.286208
goa_wp 5 2035 Fofl 0.338585
goa_wp 5 2035  F_LCI 0
goa_wp 5 2035  F_UCI 0
goa_wp 5 2035  F_Median 0
goa_wp 5 2035  F_Mean 0
goa_wp 6 2022 Cabc 134686
goa_wp 6 2022 Cofl 145862
goa_wp 6 2022 CLCI 129754
goa_wp 6 2022 CUCI 129754
goa_wp 6 2022 CMedian 129754
goa_wp 6 2022 CMean 129754
goa_wp 6 2022 CStdn 2.35741e-09
goa_wp 6 2023 Cabc 134686
goa_wp 6 2023 Cofl 145862
goa_wp 6 2023 CLCI 128233
goa_wp 6 2023 CUCI 128902
goa_wp 6 2023 CMedian 128253
goa_wp 6 2023 CMean 128393
goa_wp 6 2023 CStdn 621.278
goa_wp 6 2024 Cabc 134686
goa_wp 6 2024 Cofl 145862
goa_wp 6 2024 CLCI 120754
goa_wp 6 2024 CUCI 133782
goa_wp 6 2024 CMedian 121233
goa_wp 6 2024 CMean 123971
goa_wp 6 2024 CStdn 12146
goa_wp 6 2025 Cabc 134686
goa_wp 6 2025 Cofl 145862
goa_wp 6 2025 CLCI 88929.5
goa_wp 6 2025 CUCI 203945
goa_wp 6 2025 CMedian 93563.5
goa_wp 6 2025 CMean 114517
goa_wp 6 2025 CStdn 88647
goa_wp 6 2026 Cabc 134686
goa_wp 6 2026 Cofl 145862
goa_wp 6 2026 CLCI 46363.6
goa_wp 6 2026 CUCI 278488
goa_wp 6 2026 CMedian 57851
goa_wp 6 2026 CMean 99967.6
goa_wp 6 2026 CStdn 152770
goa_wp 6 2027 Cabc 134686
goa_wp 6 2027 Cofl 145862
goa_wp 6 2027 CLCI 22346.6
goa_wp 6 2027 CUCI 375683
goa_wp 6 2027 CMedian 41141.3
goa_wp 6 2027 CMean 103717
goa_wp 6 2027 CStdn 195143
goa_wp 6 2028 Cabc 134686
goa_wp 6 2028 Cofl 145862
goa_wp 6 2028 CLCI 13132.4
goa_wp 6 2028 CUCI 410863
goa_wp 6 2028 CMedian 39417.3
goa_wp 6 2028 CMean 115547
goa_wp 6 2028 CStdn 217563
goa_wp 6 2029 Cabc 134686
goa_wp 6 2029 Cofl 145862
goa_wp 6 2029 CLCI 8895.87
goa_wp 6 2029 CUCI 522451
goa_wp 6 2029 CMedian 39915.2
goa_wp 6 2029 CMean 129356
goa_wp 6 2029 CStdn 239177
goa_wp 6 2030 Cabc 134686
goa_wp 6 2030 Cofl 145862
goa_wp 6 2030 CLCI 5527.82
goa_wp 6 2030 CUCI 525140
goa_wp 6 2030 CMedian 38917.1
goa_wp 6 2030 CMean 128811
goa_wp 6 2030 CStdn 246984
goa_wp 6 2031 Cabc 134686
goa_wp 6 2031 Cofl 145862
goa_wp 6 2031 CLCI 5636.79
goa_wp 6 2031 CUCI 497771
goa_wp 6 2031 CMedian 44014.2
goa_wp 6 2031 CMean 130317
goa_wp 6 2031 CStdn 237897
goa_wp 6 2032 Cabc 134686
goa_wp 6 2032 Cofl 145862
goa_wp 6 2032 CLCI 5080.29
goa_wp 6 2032 CUCI 512256
goa_wp 6 2032 CMedian 46656.2
goa_wp 6 2032 CMean 131666
goa_wp 6 2032 CStdn 228837
goa_wp 6 2033 Cabc 134686
goa_wp 6 2033 Cofl 145862
goa_wp 6 2033 CLCI 5131.3
goa_wp 6 2033 CUCI 562022
goa_wp 6 2033 CMedian 45892.4
goa_wp 6 2033 CMean 132999
goa_wp 6 2033 CStdn 226858
goa_wp 6 2034 Cabc 134686
goa_wp 6 2034 Cofl 145862
goa_wp 6 2034 CLCI 4940.76
goa_wp 6 2034 CUCI 516182
goa_wp 6 2034 CMedian 45540.7
goa_wp 6 2034 CMean 131143
goa_wp 6 2034 CStdn 224760
goa_wp 6 2035 Cabc 134686
goa_wp 6 2035 Cofl 145862
goa_wp 6 2035 CLCI 4859.59
goa_wp 6 2035 CUCI 556586
goa_wp 6 2035 CMedian 40931.8
goa_wp 6 2035 CMean 131956
goa_wp 6 2035 CStdn 234360
goa_wp 6 2022 SSBF100 430364
goa_wp 6 2022 SSBFabc 172146
goa_wp 6 2022 SSBFofl 150627
goa_wp 6 2022 SSBLCI 228234
goa_wp 6 2022 SSBUCI 228234
goa_wp 6 2022 SSBMedian 228234
goa_wp 6 2022 SSBMean 228234
goa_wp 6 2023 SSBF100 430364
goa_wp 6 2023 SSBFabc 172146
goa_wp 6 2023 SSBFofl 150627
goa_wp 6 2023 SSBLCI 198848
goa_wp 6 2023 SSBUCI 198848
goa_wp 6 2023 SSBMedian 198848
goa_wp 6 2023 SSBMean 198848
goa_wp 6 2024 SSBF100 430364
goa_wp 6 2024 SSBFabc 172146
goa_wp 6 2024 SSBFofl 150627
goa_wp 6 2024 SSBLCI 177711
goa_wp 6 2024 SSBUCI 181178
goa_wp 6 2024 SSBMedian 177817
goa_wp 6 2024 SSBMean 178539
goa_wp 6 2025 SSBF100 430364
goa_wp 6 2025 SSBFabc 172146
goa_wp 6 2025 SSBFofl 150627
goa_wp 6 2025 SSBLCI 158257
goa_wp 6 2025 SSBUCI 182279
goa_wp 6 2025 SSBMedian 159236
goa_wp 6 2025 SSBMean 163802
goa_wp 6 2026 SSBF100 430364
goa_wp 6 2026 SSBFabc 172146
goa_wp 6 2026 SSBFofl 150627
goa_wp 6 2026 SSBLCI 123725
goa_wp 6 2026 SSBUCI 224711
goa_wp 6 2026 SSBMedian 128882
goa_wp 6 2026 SSBMean 148228
goa_wp 6 2027 SSBF100 430364
goa_wp 6 2027 SSBFabc 172146
goa_wp 6 2027 SSBFofl 150627
goa_wp 6 2027 SSBLCI 90151.5
goa_wp 6 2027 SSBUCI 300515
goa_wp 6 2027 SSBMedian 103626
goa_wp 6 2027 SSBMean 142801
goa_wp 6 2028 SSBF100 430364
goa_wp 6 2028 SSBFabc 172146
goa_wp 6 2028 SSBFofl 150627
goa_wp 6 2028 SSBLCI 70589
goa_wp 6 2028 SSBUCI 386846
goa_wp 6 2028 SSBMedian 96824.7
goa_wp 6 2028 SSBMean 150227
goa_wp 6 2029 SSBF100 430364
goa_wp 6 2029 SSBFabc 172146
goa_wp 6 2029 SSBFofl 150627
goa_wp 6 2029 SSBLCI 58004.9
goa_wp 6 2029 SSBUCI 415924
goa_wp 6 2029 SSBMedian 96353.3
goa_wp 6 2029 SSBMean 158706
goa_wp 6 2030 SSBF100 430364
goa_wp 6 2030 SSBFabc 172146
goa_wp 6 2030 SSBFofl 150627
goa_wp 6 2030 SSBLCI 51694.6
goa_wp 6 2030 SSBUCI 522148
goa_wp 6 2030 SSBMedian 96281
goa_wp 6 2030 SSBMean 167444
goa_wp 6 2031 SSBF100 430364
goa_wp 6 2031 SSBFabc 172146
goa_wp 6 2031 SSBFofl 150627
goa_wp 6 2031 SSBLCI 46087.5
goa_wp 6 2031 SSBUCI 519282
goa_wp 6 2031 SSBMedian 96284.8
goa_wp 6 2031 SSBMean 167239
goa_wp 6 2032 SSBF100 430364
goa_wp 6 2032 SSBFabc 172146
goa_wp 6 2032 SSBFofl 150627
goa_wp 6 2032 SSBLCI 43549.5
goa_wp 6 2032 SSBUCI 477223
goa_wp 6 2032 SSBMedian 98962.9
goa_wp 6 2032 SSBMean 165429
goa_wp 6 2033 SSBF100 430364
goa_wp 6 2033 SSBFabc 172146
goa_wp 6 2033 SSBFofl 150627
goa_wp 6 2033 SSBLCI 42071
goa_wp 6 2033 SSBUCI 499533
goa_wp 6 2033 SSBMedian 100144
goa_wp 6 2033 SSBMean 166647
goa_wp 6 2034 SSBF100 430364
goa_wp 6 2034 SSBFabc 172146
goa_wp 6 2034 SSBFofl 150627
goa_wp 6 2034 SSBLCI 41634.8
goa_wp 6 2034 SSBUCI 532016
goa_wp 6 2034 SSBMedian 99371.4
goa_wp 6 2034 SSBMean 167849
goa_wp 6 2035 SSBF100 430364
goa_wp 6 2035 SSBFabc 172146
goa_wp 6 2035 SSBFofl 150627
goa_wp 6 2035 SSBLCI 40817.6
goa_wp 6 2035 SSBUCI 515208
goa_wp 6 2035 SSBMedian 97305.4
goa_wp 6 2035 SSBMean 166011
goa_wp 6 2022 F0 0 
goa_wp 6 2022 Fabc 0.286208
goa_wp 6 2022 Fofl 0.338585
goa_wp 6 2022  F_LCI 0.359426
goa_wp 6 2022  F_UCI 0.359426
goa_wp 6 2022  F_Median 0.359426
goa_wp 6 2022  F_Mean 0.359426
goa_wp 6 2023 F0 0 
goa_wp 6 2023 Fabc 0.286208
goa_wp 6 2023 Fofl 0.338585
goa_wp 6 2023  F_LCI 0.338585
goa_wp 6 2023  F_UCI 0.338585
goa_wp 6 2023  F_Median 0.338585
goa_wp 6 2023  F_Mean 0.338585
goa_wp 6 2024 F0 0 
goa_wp 6 2024 Fabc 0.286208
goa_wp 6 2024 Fofl 0.338585
goa_wp 6 2024  F_LCI 0.338585
goa_wp 6 2024  F_UCI 0.338585
goa_wp 6 2024  F_Median 0.338585
goa_wp 6 2024  F_Mean 0.338585
goa_wp 6 2025 F0 0 
goa_wp 6 2025 Fabc 0.286208
goa_wp 6 2025 Fofl 0.338585
goa_wp 6 2025  F_LCI 0.309832
goa_wp 6 2025  F_UCI 0.338585
goa_wp 6 2025  F_Median 0.31186
goa_wp 6 2025  F_Mean 0.315757
goa_wp 6 2026 F0 0 
goa_wp 6 2026 Fabc 0.286208
goa_wp 6 2026 Fofl 0.338585
goa_wp 6 2026  F_LCI 0.238334
goa_wp 6 2026  F_UCI 0.338585
goa_wp 6 2026  F_Median 0.249011
goa_wp 6 2026  F_Mean 0.263563
goa_wp 6 2027 F0 0 
goa_wp 6 2027 Fabc 0.286208
goa_wp 6 2027 Fofl 0.338585
goa_wp 6 2027  F_LCI 0.168825
goa_wp 6 2027  F_UCI 0.338585
goa_wp 6 2027  F_Median 0.196721
goa_wp 6 2027  F_Mean 0.223939
goa_wp 6 2028 F0 0 
goa_wp 6 2028 Fabc 0.286208
goa_wp 6 2028 Fofl 0.338585
goa_wp 6 2028  F_LCI 0.128324
goa_wp 6 2028  F_UCI 0.338585
goa_wp 6 2028  F_Median 0.18264
goa_wp 6 2028  F_Mean 0.212142
goa_wp 6 2029 F0 0 
goa_wp 6 2029 Fabc 0.286208
goa_wp 6 2029 Fofl 0.338585
goa_wp 6 2029  F_LCI 0.102271
goa_wp 6 2029  F_UCI 0.338585
goa_wp 6 2029  F_Median 0.181665
goa_wp 6 2029  F_Mean 0.207703
goa_wp 6 2030 F0 0 
goa_wp 6 2030 Fabc 0.286208
goa_wp 6 2030 Fofl 0.338585
goa_wp 6 2030  F_LCI 0.0892064
goa_wp 6 2030  F_UCI 0.338585
goa_wp 6 2030  F_Median 0.181515
goa_wp 6 2030  F_Mean 0.206936
goa_wp 6 2031 F0 0 
goa_wp 6 2031 Fabc 0.286208
goa_wp 6 2031 Fofl 0.338585
goa_wp 6 2031  F_LCI 0.0775978
goa_wp 6 2031  F_UCI 0.338585
goa_wp 6 2031  F_Median 0.181522
goa_wp 6 2031  F_Mean 0.204841
goa_wp 6 2032 F0 0 
goa_wp 6 2032 Fabc 0.286208
goa_wp 6 2032 Fofl 0.338585
goa_wp 6 2032  F_LCI 0.072343
goa_wp 6 2032  F_UCI 0.338585
goa_wp 6 2032  F_Median 0.187067
goa_wp 6 2032  F_Mean 0.205139
goa_wp 6 2033 F0 0 
goa_wp 6 2033 Fabc 0.286208
goa_wp 6 2033 Fofl 0.338585
goa_wp 6 2033  F_LCI 0.0692821
goa_wp 6 2033  F_UCI 0.338585
goa_wp 6 2033  F_Median 0.189513
goa_wp 6 2033  F_Mean 0.205911
goa_wp 6 2034 F0 0 
goa_wp 6 2034 Fabc 0.286208
goa_wp 6 2034 Fofl 0.338585
goa_wp 6 2034  F_LCI 0.0683788
goa_wp 6 2034  F_UCI 0.338585
goa_wp 6 2034  F_Median 0.187911
goa_wp 6 2034  F_Mean 0.206327
goa_wp 6 2035 F0 0 
goa_wp 6 2035 Fabc 0.286208
goa_wp 6 2035 Fofl 0.338585
goa_wp 6 2035  F_LCI 0.0666867
goa_wp 6 2035  F_UCI 0.338585
goa_wp 6 2035  F_Median 0.183634
goa_wp 6 2035  F_Mean 0.206346
goa_wp 7 2022 Cabc 134686
goa_wp 7 2022 Cofl 145862
goa_wp 7 2022 CLCI 129754
goa_wp 7 2022 CUCI 129754
goa_wp 7 2022 CMedian 129754
goa_wp 7 2022 CMean 129754
goa_wp 7 2022 CStdn 2.35741e-09
goa_wp 7 2023 Cabc 134686
goa_wp 7 2023 Cofl 145862
goa_wp 7 2023 CLCI 110194
goa_wp 7 2023 CUCI 110760
goa_wp 7 2023 CMedian 110211
goa_wp 7 2023 CMean 110329
goa_wp 7 2023 CStdn 525.187
goa_wp 7 2024 Cabc 134686
goa_wp 7 2024 Cofl 145862
goa_wp 7 2024 CLCI 107135
goa_wp 7 2024 CUCI 118160
goa_wp 7 2024 CMedian 107541
goa_wp 7 2024 CMean 109857
goa_wp 7 2024 CStdn 10278
goa_wp 7 2025 Cabc 134686
goa_wp 7 2025 Cofl 145862
goa_wp 7 2025 CLCI 99447.8
goa_wp 7 2025 CUCI 210654
goa_wp 7 2025 CMedian 104332
goa_wp 7 2025 CMean 124952
goa_wp 7 2025 CStdn 88090
goa_wp 7 2026 Cabc 134686
goa_wp 7 2026 Cofl 145862
goa_wp 7 2026 CLCI 50288.1
goa_wp 7 2026 CUCI 281657
goa_wp 7 2026 CMedian 62133
goa_wp 7 2026 CMean 104506
goa_wp 7 2026 CStdn 153026
goa_wp 7 2027 Cabc 134686
goa_wp 7 2027 Cofl 145862
goa_wp 7 2027 CLCI 23669.6
goa_wp 7 2027 CUCI 376547
goa_wp 7 2027 CMedian 42725.1
goa_wp 7 2027 CMean 105517
goa_wp 7 2027 CStdn 195372
goa_wp 7 2028 Cabc 134686
goa_wp 7 2028 Cofl 145862
goa_wp 7 2028 CLCI 13655.6
goa_wp 7 2028 CUCI 410771
goa_wp 7 2028 CMedian 40024.5
goa_wp 7 2028 CMean 116336
goa_wp 7 2028 CStdn 217602
goa_wp 7 2029 Cabc 134686
goa_wp 7 2029 Cofl 145862
goa_wp 7 2029 CLCI 9149.94
goa_wp 7 2029 CUCI 521918
goa_wp 7 2029 CMedian 40248.5
goa_wp 7 2029 CMean 129669
goa_wp 7 2029 CStdn 239104
goa_wp 7 2030 Cabc 134686
goa_wp 7 2030 Cofl 145862
goa_wp 7 2030 CLCI 5625.06
goa_wp 7 2030 CUCI 524889
goa_wp 7 2030 CMedian 39169.1
goa_wp 7 2030 CMean 128867
goa_wp 7 2030 CStdn 246897
goa_wp 7 2031 Cabc 134686
goa_wp 7 2031 Cofl 145862
goa_wp 7 2031 CLCI 5681.95
goa_wp 7 2031 CUCI 497656
goa_wp 7 2031 CMedian 44303.3
goa_wp 7 2031 CMean 130341
goa_wp 7 2031 CStdn 237838
goa_wp 7 2032 Cabc 134686
goa_wp 7 2032 Cofl 145862
goa_wp 7 2032 CLCI 5104.41
goa_wp 7 2032 CUCI 512205
goa_wp 7 2032 CMedian 46845
goa_wp 7 2032 CMean 131671
goa_wp 7 2032 CStdn 228792
goa_wp 7 2033 Cabc 134686
goa_wp 7 2033 Cofl 145862
goa_wp 7 2033 CLCI 5150.95
goa_wp 7 2033 CUCI 561954
goa_wp 7 2033 CMedian 45862.7
goa_wp 7 2033 CMean 133000
goa_wp 7 2033 CStdn 226832
goa_wp 7 2034 Cabc 134686
goa_wp 7 2034 Cofl 145862
goa_wp 7 2034 CLCI 4958.42
goa_wp 7 2034 CUCI 516205
goa_wp 7 2034 CMedian 45571.8
goa_wp 7 2034 CMean 131143
goa_wp 7 2034 CStdn 224743
goa_wp 7 2035 Cabc 134686
goa_wp 7 2035 Cofl 145862
goa_wp 7 2035 CLCI 4888.35
goa_wp 7 2035 CUCI 556563
goa_wp 7 2035 CMedian 40936.9
goa_wp 7 2035 CMean 131957
goa_wp 7 2035 CStdn 234349
goa_wp 7 2022 SSBF100 430364
goa_wp 7 2022 SSBFabc 172146
goa_wp 7 2022 SSBFofl 150627
goa_wp 7 2022 SSBLCI 228234
goa_wp 7 2022 SSBUCI 228234
goa_wp 7 2022 SSBMedian 228234
goa_wp 7 2022 SSBMean 228234
goa_wp 7 2023 SSBF100 430364
goa_wp 7 2023 SSBFabc 172146
goa_wp 7 2023 SSBFofl 150627
goa_wp 7 2023 SSBLCI 200024
goa_wp 7 2023 SSBUCI 200024
goa_wp 7 2023 SSBMedian 200024
goa_wp 7 2023 SSBMean 200024
goa_wp 7 2024 SSBF100 430364
goa_wp 7 2024 SSBFabc 172146
goa_wp 7 2024 SSBFofl 150627
goa_wp 7 2024 SSBLCI 183542
goa_wp 7 2024 SSBUCI 187011
goa_wp 7 2024 SSBMedian 183649
goa_wp 7 2024 SSBMean 184370
goa_wp 7 2025 SSBF100 430364
goa_wp 7 2025 SSBFabc 172146
goa_wp 7 2025 SSBFofl 150627
goa_wp 7 2025 SSBLCI 166500
goa_wp 7 2025 SSBUCI 190951
goa_wp 7 2025 SSBMedian 167477
goa_wp 7 2025 SSBMean 172094
goa_wp 7 2026 SSBF100 430364
goa_wp 7 2026 SSBFabc 172146
goa_wp 7 2026 SSBFofl 150627
goa_wp 7 2026 SSBLCI 128456
goa_wp 7 2026 SSBUCI 231154
goa_wp 7 2026 SSBMedian 133591
goa_wp 7 2026 SSBMean 153120
goa_wp 7 2027 SSBF100 430364
goa_wp 7 2027 SSBFabc 172146
goa_wp 7 2027 SSBFofl 150627
goa_wp 7 2027 SSBLCI 92902.9
goa_wp 7 2027 SSBUCI 304974
goa_wp 7 2027 SSBMedian 106190
goa_wp 7 2027 SSBMean 145585
goa_wp 7 2028 SSBF100 430364
goa_wp 7 2028 SSBFabc 172146
goa_wp 7 2028 SSBFofl 150627
goa_wp 7 2028 SSBLCI 72358.8
goa_wp 7 2028 SSBUCI 387694
goa_wp 7 2028 SSBMedian 98316.1
goa_wp 7 2028 SSBMean 151894
goa_wp 7 2029 SSBF100 430364
goa_wp 7 2029 SSBFabc 172146
goa_wp 7 2029 SSBFofl 150627
goa_wp 7 2029 SSBLCI 59131.7
goa_wp 7 2029 SSBUCI 416646
goa_wp 7 2029 SSBMedian 97388.6
goa_wp 7 2029 SSBMean 159691
goa_wp 7 2030 SSBF100 430364
goa_wp 7 2030 SSBFabc 172146
goa_wp 7 2030 SSBFofl 150627
goa_wp 7 2030 SSBLCI 52482.6
goa_wp 7 2030 SSBUCI 522200
goa_wp 7 2030 SSBMedian 96903
goa_wp 7 2030 SSBMean 168067
goa_wp 7 2031 SSBF100 430364
goa_wp 7 2031 SSBFabc 172146
goa_wp 7 2031 SSBFofl 150627
goa_wp 7 2031 SSBLCI 46694.5
goa_wp 7 2031 SSBUCI 519398
goa_wp 7 2031 SSBMedian 96617.3
goa_wp 7 2031 SSBMean 167639
goa_wp 7 2032 SSBF100 430364
goa_wp 7 2032 SSBFabc 172146
goa_wp 7 2032 SSBFofl 150627
goa_wp 7 2032 SSBLCI 43889.5
goa_wp 7 2032 SSBUCI 477560
goa_wp 7 2032 SSBMedian 99245.5
goa_wp 7 2032 SSBMean 165685
goa_wp 7 2033 SSBF100 430364
goa_wp 7 2033 SSBFabc 172146
goa_wp 7 2033 SSBFofl 150627
goa_wp 7 2033 SSBLCI 42215.8
goa_wp 7 2033 SSBUCI 499735
goa_wp 7 2033 SSBMedian 100277
goa_wp 7 2033 SSBMean 166811
goa_wp 7 2034 SSBF100 430364
goa_wp 7 2034 SSBFabc 172146
goa_wp 7 2034 SSBFofl 150627
goa_wp 7 2034 SSBLCI 41814.8
goa_wp 7 2034 SSBUCI 532012
goa_wp 7 2034 SSBMedian 99437.8
goa_wp 7 2034 SSBMean 167953
goa_wp 7 2035 SSBF100 430364
goa_wp 7 2035 SSBFabc 172146
goa_wp 7 2035 SSBFofl 150627
goa_wp 7 2035 SSBLCI 40928.1
goa_wp 7 2035 SSBUCI 515207
goa_wp 7 2035 SSBMedian 97359.7
goa_wp 7 2035 SSBMean 166078
goa_wp 7 2022 F0 0 
goa_wp 7 2022 Fabc 0.286208
goa_wp 7 2022 Fofl 0.338585
goa_wp 7 2022  F_LCI 0.359426
goa_wp 7 2022  F_UCI 0.359426
goa_wp 7 2022  F_Median 0.359426
goa_wp 7 2022  F_Mean 0.359426
goa_wp 7 2023 F0 0 
goa_wp 7 2023 Fabc 0.286208
goa_wp 7 2023 Fofl 0.338585
goa_wp 7 2023  F_LCI 0.286208
goa_wp 7 2023  F_UCI 0.286208
goa_wp 7 2023  F_Median 0.286208
goa_wp 7 2023  F_Mean 0.286208
goa_wp 7 2024 F0 0 
goa_wp 7 2024 Fabc 0.286208
goa_wp 7 2024 Fofl 0.338585
goa_wp 7 2024  F_LCI 0.286208
goa_wp 7 2024  F_UCI 0.286208
goa_wp 7 2024  F_Median 0.286208
goa_wp 7 2024  F_Mean 0.286208
goa_wp 7 2025 F0 0 
goa_wp 7 2025 Fabc 0.286208
goa_wp 7 2025 Fofl 0.338585
goa_wp 7 2025  F_LCI 0.326902
goa_wp 7 2025  F_UCI 0.338585
goa_wp 7 2025  F_Median 0.328926
goa_wp 7 2025  F_Mean 0.330866
goa_wp 7 2026 F0 0 
goa_wp 7 2026 Fabc 0.286208
goa_wp 7 2026 Fofl 0.338585
goa_wp 7 2026  F_LCI 0.248128
goa_wp 7 2026  F_UCI 0.338585
goa_wp 7 2026  F_Median 0.258761
goa_wp 7 2026  F_Mean 0.272247
goa_wp 7 2027 F0 0 
goa_wp 7 2027 Fabc 0.286208
goa_wp 7 2027 Fofl 0.338585
goa_wp 7 2027  F_LCI 0.174521
goa_wp 7 2027  F_UCI 0.338585
goa_wp 7 2027  F_Median 0.202031
goa_wp 7 2027  F_Mean 0.228561
goa_wp 7 2028 F0 0 
goa_wp 7 2028 Fabc 0.286208
goa_wp 7 2028 Fofl 0.338585
goa_wp 7 2028  F_LCI 0.131988
goa_wp 7 2028  F_UCI 0.338585
goa_wp 7 2028  F_Median 0.185729
goa_wp 7 2028  F_Mean 0.214826
goa_wp 7 2029 F0 0 
goa_wp 7 2029 Fabc 0.286208
goa_wp 7 2029 Fofl 0.338585
goa_wp 7 2029  F_LCI 0.104604
goa_wp 7 2029  F_UCI 0.338585
goa_wp 7 2029  F_Median 0.183808
goa_wp 7 2029  F_Mean 0.209244
goa_wp 7 2030 F0 0 
goa_wp 7 2030 Fabc 0.286208
goa_wp 7 2030 Fofl 0.338585
goa_wp 7 2030  F_LCI 0.0908379
goa_wp 7 2030  F_UCI 0.338585
goa_wp 7 2030  F_Median 0.182803
goa_wp 7 2030  F_Mean 0.207917
goa_wp 7 2031 F0 0 
goa_wp 7 2031 Fabc 0.286208
goa_wp 7 2031 Fofl 0.338585
goa_wp 7 2031  F_LCI 0.0788546
goa_wp 7 2031  F_UCI 0.338585
goa_wp 7 2031  F_Median 0.182211
goa_wp 7 2031  F_Mean 0.205467
goa_wp 7 2032 F0 0 
goa_wp 7 2032 Fabc 0.286208
goa_wp 7 2032 Fofl 0.338585
goa_wp 7 2032  F_LCI 0.0730469
goa_wp 7 2032  F_UCI 0.338585
goa_wp 7 2032  F_Median 0.187652
goa_wp 7 2032  F_Mean 0.205532
goa_wp 7 2033 F0 0 
goa_wp 7 2033 Fabc 0.286208
goa_wp 7 2033 Fofl 0.338585
goa_wp 7 2033  F_LCI 0.069582
goa_wp 7 2033  F_UCI 0.338585
goa_wp 7 2033  F_Median 0.189789
goa_wp 7 2033  F_Mean 0.20615
goa_wp 7 2034 F0 0 
goa_wp 7 2034 Fabc 0.286208
goa_wp 7 2034 Fofl 0.338585
goa_wp 7 2034  F_LCI 0.0687516
goa_wp 7 2034  F_UCI 0.338585
goa_wp 7 2034  F_Median 0.188048
goa_wp 7 2034  F_Mean 0.206477
goa_wp 7 2035 F0 0 
goa_wp 7 2035 Fabc 0.286208
goa_wp 7 2035 Fofl 0.338585
goa_wp 7 2035  F_LCI 0.0669156
goa_wp 7 2035  F_UCI 0.338585
goa_wp 7 2035  F_Median 0.183748
goa_wp 7 2035  F_Mean 0.206442
