
SB0 SB40 SB35 MeanRec HarMeanRec Bnow
430364 172146 150627 3095.76 350.892 252603 
CV Recruit
4.07984 
Alternative 1 Alternative  Stock: goa_wp
Catch goa_wp
Year C0 Cabc Cofl LowCI_Catch Median_Catch Mean_Catch UpperCI_Catch Stdev_Catch 
2022  0 134686 145862 129754 129754 129754 129754 2.35741e-09 
2023  0 134686 145862 110194 110211 110329 110760 525.187 
2024  0 134686 145862 107135 107541 109857 118160 10278 
2025  0 134686 145862 86390.2 90598.1 108065 180603 74939.3 
2026  0 134686 145862 46836.2 57466.4 94298.6 247958 132825 
2027  0 134686 145862 22852.9 40697.5 95980.2 332072 172661 
2028  0 134686 145862 0 38256.2 102396 368558 196000 
2029  0 134686 145862 0 38874.8 113379 469785 216622 
2030  0 134686 145862 0 38828.2 115366 480304 223820 
2031  0 134686 145862 0 42998.8 117738 460883 218254 
2032  0 134686 145862 0 46522.4 119266 488422 209507 
2033  0 134686 145862 0 46477.3 120848 514492 207545 
2034  0 134686 145862 0 44818.7 118945 486084 206046 
2035  0 134686 145862 0 41757.5 119391 507623 213347 

Spawning_Biomass goa_wp
Year SSB100 SSBabc SSBofl LowCI_SSB Median_SSB Mean_SSB UpperCI_SSB Stdev_SSB 
2022 430364 172146 150627 228234 228234 228234 228234 4.77303e-09 
2023 430364 172146 150627 200024 200024 200024 200024 2.50293e-09 
2024 430364 172146 150627 183542 183649 184370 187011 3218.7 
2025 430364 172146 150627 167691 168679 173326 192325 20200.7 
2026 430364 172146 150627 133546 138782 158864 239509 85880.8 
2027 430364 172146 150627 98274.8 112075 153599 324840 155881 
2028 430364 172146 150627 78204.9 104338 162259 419794 192879 
2029 430364 172146 150627 68565.3 103287 173207 449532 218454 
2030 430364 172146 150627 64285.5 104874 185116 565390 234827 
2031 430364 172146 150627 57603.7 106488 186595 578319 248911 
2032 430364 172146 150627 54569 109030 185973 547118 234757 
2033 430364 172146 150627 53332.9 110925 187820 567080 228062 
2034 430364 172146 150627 53360 110723 189804 592628 228722 
2035 430364 172146 150627 53297.8 108627 188389 572608 223686 

Fishing_mortalitygoa_wp
Year F0 Fabc Fofl LowCI_F Median_F Mean_F UpperCI_F Stdev_F 
2022  0 0.286208 0.338585 0.359426 0.359426 0.359426 0.359426 4.94049e-15 
2023  0 0.286208 0.338585 0.286208 0.286208 0.286208 0.286208 4.44089e-16 
2024  0 0.286208 0.338585 0.286208 0.286208 0.286208 0.286208 4.44089e-16 
2025  0 0.286208 0.338585 0.278412 0.280139 0.281414 0.286208 0.00293128 
2026  0 0.286208 0.338585 0.218652 0.227815 0.238246 0.286208 0.0228437 
2027  0 0.286208 0.338585 0.156925 0.181077 0.202065 0.286208 0.0461626 
2028  0 0.286208 0.338585 0 0.167536 0.159938 0.286208 0.103138 
2029  0 0.286208 0.338585 0 0.165697 0.144223 0.286208 0.118638 
2030  0 0.286208 0.338585 0 0.168474 0.150417 0.286208 0.11767 
2031  0 0.286208 0.338585 0 0.171299 0.150537 0.286208 0.118849 
2032  0 0.286208 0.338585 0 0.175747 0.15324 0.286208 0.119065 
2033  0 0.286208 0.338585 0 0.179062 0.155176 0.286208 0.119135 
2034  0 0.286208 0.338585 0 0.178708 0.154614 0.286208 0.120947 
2035  0 0.286208 0.338585 0 0.175041 0.154625 0.286208 0.121925 

Total_Biomassgoa_wp
Year B100 Babc Bofl LowCI_Biom Median_Biom Mean_Biom UpperCI_Biom Stdev_Biom 
2022 2.02974e+06 1.42367e+06 1.36855e+06 1.19866e+06 1.19866e+06 1.19866e+06 1.19866e+06 9.77889e-09 
2023 2.02974e+06 1.42367e+06 1.36855e+06 973274 1.01305e+06 1.28201e+06 2.26632e+06 1.19962e+06 
2024 2.02974e+06 1.42367e+06 1.36855e+06 735920 837057 1.18176e+06 2.60522e+06 1.26658e+06 
2025 2.02974e+06 1.42367e+06 1.36855e+06 541805 733539 1.27964e+06 3.54708e+06 1.82132e+06 
2026 2.02974e+06 1.42367e+06 1.36855e+06 395414 671959 1.2808e+06 4.2796e+06 1.77332e+06 
2027 2.02974e+06 1.42367e+06 1.36855e+06 309470 669358 1.41274e+06 4.85367e+06 2.23059e+06 
2028 2.02974e+06 1.42367e+06 1.36855e+06 267327 675978 1.33582e+06 4.64049e+06 1.8854e+06 
2029 2.02974e+06 1.42367e+06 1.36855e+06 252017 720161 1.43377e+06 5.178e+06 2.11906e+06 
2030 2.02974e+06 1.42367e+06 1.36855e+06 247894 728373 1.44318e+06 4.62934e+06 2.03375e+06 
2031 2.02974e+06 1.42367e+06 1.36855e+06 242721 760530 1.43614e+06 4.85999e+06 1.91246e+06 
2032 2.02974e+06 1.42367e+06 1.36855e+06 247543 736584 1.41437e+06 4.67585e+06 1.95222e+06 
2033 2.02974e+06 1.42367e+06 1.36855e+06 239869 723016 1.45466e+06 5.20825e+06 2.27091e+06 
2034 2.02974e+06 1.42367e+06 1.36855e+06 237828 758026 1.47116e+06 5.32399e+06 2.23027e+06 
2035 2.02974e+06 1.42367e+06 1.36855e+06 226631 736219 1.4816e+06 5.56754e+06 2.28616e+06 
Alternative 2 Alternative  Stock: goa_wp
Catch goa_wp
Year C0 Cabc Cofl LowCI_Catch Median_Catch Mean_Catch UpperCI_Catch Stdev_Catch 
2022  0 134686 145862 129754 129754 129754 129754 2.35741e-09 
2023  0 134686 145862 110194 110211 110329 110760 525.187 
2024  0 134686 145862 107135 107541 109857 118160 10278 
2025  0 134686 145862 86390.2 90598.1 108065 180603 74939.3 
2026  0 134686 145862 46836.2 57466.4 94298.6 247958 132825 
2027  0 134686 145862 22852.9 40697.5 95970.9 332072 172559 
2028  0 134686 145862 0 38256.2 102398 368558 196014 
2029  0 134686 145862 0 38874.8 113193 469785 214913 
2030  0 134686 145862 0 38828.2 115192 480304 222302 
2031  0 134686 145862 0 42998.8 117623 460883 217038 
2032  0 134686 145862 0 46522.4 119258 488422 209173 
2033  0 134686 145862 0 46477.3 120918 514492 207908 
2034  0 134686 145862 0 44818.7 118987 486084 206203 
2035  0 134686 145862 0 41757.5 119321 507623 212602 

Spawning_Biomass goa_wp
Year SSB100 SSBabc SSBofl LowCI_SSB Median_SSB Mean_SSB UpperCI_SSB Stdev_SSB 
2022 430364 172146 150627 228234 228234 228234 228234 4.77303e-09 
2023 430364 172146 150627 200024 200024 200024 200024 2.50293e-09 
2024 430364 172146 150627 183542 183649 184370 187011 3218.7 
2025 430364 172146 150627 167691 168679 173326 192325 20200.7 
2026 430364 172146 150627 133546 138782 158864 239509 85880.8 
2027 430364 172146 150627 98274.8 112075 153600 324840 155890 
2028 430364 172146 150627 78204.9 104338 162262 419794 192912 
2029 430364 172146 150627 68565.3 103287 173215 449532 218509 
2030 430364 172146 150627 64285.5 104874 185179 565390 235475 
2031 430364 172146 150627 57603.7 106488 186717 578319 250021 
2032 430364 172146 150627 54569 109030 186108 547118 235834 
2033 430364 172146 150627 53332.9 110925 187931 567080 228798 
2034 430364 172146 150627 53360 110723 189880 592628 229105 
2035 430364 172146 150627 53297.8 108627 188440 572608 223858 

Fishing_mortalitygoa_wp
Year F0 Fabc Fofl LowCI_F Median_F Mean_F UpperCI_F Stdev_F 
2022  0 0.286208 0.338585 0.359426 0.359426 0.359426 0.359426 4.94049e-15 
2023  0 0.286208 0.338585 0.286208 0.286208 0.286208 0.286208 4.44089e-16 
2024  0 0.286208 0.338585 0.286208 0.286208 0.286208 0.286208 4.44089e-16 
2025  0 0.286208 0.338585 0.278412 0.280139 0.281414 0.286208 0.00293128 
2026  0 0.286208 0.338585 0.218652 0.227815 0.238246 0.286208 0.0228437 
2027  0 0.286208 0.338585 0.156925 0.181077 0.202063 0.286208 0.0461599 
2028  0 0.286208 0.338585 0 0.167536 0.159938 0.286208 0.103138 
2029  0 0.286208 0.338585 0 0.165697 0.144196 0.286208 0.118609 
2030  0 0.286208 0.338585 0 0.168474 0.150385 0.286208 0.117635 
2031  0 0.286208 0.338585 0 0.171299 0.150511 0.286208 0.118821 
2032  0 0.286208 0.338585 0 0.175747 0.153227 0.286208 0.119051 
2033  0 0.286208 0.338585 0 0.179062 0.155176 0.286208 0.119135 
2034  0 0.286208 0.338585 0 0.178708 0.154614 0.286208 0.120947 
2035  0 0.286208 0.338585 0 0.175041 0.154612 0.286208 0.121912 

Total_Biomassgoa_wp
Year B100 Babc Bofl LowCI_Biom Median_Biom Mean_Biom UpperCI_Biom Stdev_Biom 
2022 2.02974e+06 1.42367e+06 1.36855e+06 1.19866e+06 1.19866e+06 1.19866e+06 1.19866e+06 9.77889e-09 
2023 2.02974e+06 1.42367e+06 1.36855e+06 973274 1.01305e+06 1.28201e+06 2.26632e+06 1.19962e+06 
2024 2.02974e+06 1.42367e+06 1.36855e+06 735920 837057 1.18176e+06 2.60522e+06 1.26658e+06 
2025 2.02974e+06 1.42367e+06 1.36855e+06 541805 733539 1.27964e+06 3.54708e+06 1.82132e+06 
2026 2.02974e+06 1.42367e+06 1.36855e+06 395414 671959 1.2808e+06 4.2796e+06 1.77332e+06 
2027 2.02974e+06 1.42367e+06 1.36855e+06 309470 669358 1.41274e+06 4.85367e+06 2.23059e+06 
2028 2.02974e+06 1.42367e+06 1.36855e+06 267327 675978 1.33583e+06 4.64049e+06 1.88543e+06 
2029 2.02974e+06 1.42367e+06 1.36855e+06 252017 720161 1.43378e+06 5.178e+06 2.11907e+06 
2030 2.02974e+06 1.42367e+06 1.36855e+06 247894 728373 1.44337e+06 4.62934e+06 2.03459e+06 
2031 2.02974e+06 1.42367e+06 1.36855e+06 242721 760530 1.43646e+06 4.85999e+06 1.91345e+06 
2032 2.02974e+06 1.42367e+06 1.36855e+06 247543 736584 1.41474e+06 4.67585e+06 1.95318e+06 
2033 2.02974e+06 1.42367e+06 1.36855e+06 239869 723016 1.45498e+06 5.20825e+06 2.27162e+06 
2034 2.02974e+06 1.42367e+06 1.36855e+06 237828 758026 1.47136e+06 5.32399e+06 2.23055e+06 
2035 2.02974e+06 1.42367e+06 1.36855e+06 226631 736219 1.48172e+06 5.56754e+06 2.28625e+06 
Alternative 3 Alternative  Stock: goa_wp
Catch goa_wp
Year C0 Cabc Cofl LowCI_Catch Median_Catch Mean_Catch UpperCI_Catch Stdev_Catch 
2022  0 134686 145862 129754 129754 129754 129754 2.35741e-09 
2023  0 134686 145862 75226.1 75237.6 75315.6 75600.8 347.637 
2024  0 134686 145862 77668.4 77937.5 79473.5 84980.1 6816.33 
2025  0 134686 145862 68921.9 71473.3 82989.7 130218 50298.2 
2026  0 134686 145862 49756.9 57390.2 81511.2 180331 91115.5 
2027  0 134686 145862 32893.6 48109.2 85123.9 249138 122057 
2028  0 134686 145862 23268.1 46342.8 92221.1 283871 139904 
2029  0 134686 145862 17768.5 46549.5 100961 343307 155799 
2030  0 134686 145862 10774.9 45266 100003 368293 163957 
2031  0 134686 145862 11664.6 49426.3 103963 379804 162573 
2032  0 134686 145862 11398.9 50764.8 104406 376930 155696 
2033  0 134686 145862 11304.6 52012.6 105411 389831 153729 
2034  0 134686 145862 11389 50778.6 103670 370636 152778 
2035  0 134686 145862 11201.4 47241.8 103579 397341 156517 

Spawning_Biomass goa_wp
Year SSB100 SSBabc SSBofl LowCI_SSB Median_SSB Mean_SSB UpperCI_SSB Stdev_SSB 
2022 430364 172146 150627 228234 228234 228234 228234 4.77303e-09 
2023 430364 172146 150627 202227 202227 202227 202227 1.45519e-09 
2024 430364 172146 150627 195124 195231 195953 198597 3221.99 
2025 430364 172146 150627 188170 189208 193935 213269 20447.9 
2026 430364 172146 150627 157936 163645 185035 271453 90442.5 
2027 430364 172146 150627 117170 132813 179389 372493 174373 
2028 430364 172146 150627 88936.8 119496 187634 491749 225314 
2029 430364 172146 150627 69162.8 112381 197875 539324 260128 
2030 430364 172146 150627 57949.2 110793 210510 689038 284148 
2031 430364 172146 150627 49098.5 111275 213403 708856 303511 
2032 430364 172146 150627 43423.4 114081 213453 702383 295352 
2033 430364 172146 150627 39844.9 117563 215392 710041 286509 
2034 430364 172146 150627 37884.5 119977 218293 735325 288072 
2035 430364 172146 150627 35944.8 120932 217325 693885 282845 

Fishing_mortalitygoa_wp
Year F0 Fabc Fofl LowCI_F Median_F Mean_F UpperCI_F Stdev_F 
2022  0 0.286208 0.338585 0.359426 0.359426 0.359426 0.359426 4.94049e-15 
2023  0 0.286208 0.338585 0.189438 0.189438 0.189438 0.189438 1.52656e-15 
2024  0 0.286208 0.338585 0.189438 0.189438 0.189438 0.189438 1.52656e-15 
2025  0 0.286208 0.338585 0.189438 0.189438 0.189438 0.189438 1.52656e-15 
2026  0 0.286208 0.338585 0.189438 0.189438 0.189438 0.189438 1.52656e-15 
2027  0 0.286208 0.338585 0.189438 0.189438 0.189438 0.189438 1.52656e-15 
2028  0 0.286208 0.338585 0.189438 0.189438 0.189438 0.189438 1.52656e-15 
2029  0 0.286208 0.338585 0.189438 0.189438 0.189438 0.189438 1.52656e-15 
2030  0 0.286208 0.338585 0.189438 0.189438 0.189438 0.189438 1.52656e-15 
2031  0 0.286208 0.338585 0.189438 0.189438 0.189438 0.189438 1.52656e-15 
2032  0 0.286208 0.338585 0.189438 0.189438 0.189438 0.189438 1.52656e-15 
2033  0 0.286208 0.338585 0.189438 0.189438 0.189438 0.189438 1.52656e-15 
2034  0 0.286208 0.338585 0.189438 0.189438 0.189438 0.189438 1.52656e-15 
2035  0 0.286208 0.338585 0.189438 0.189438 0.189438 0.189438 1.52656e-15 

Total_Biomassgoa_wp
Year B100 Babc Bofl LowCI_Biom Median_Biom Mean_Biom UpperCI_Biom Stdev_Biom 
2022 2.02974e+06 1.42367e+06 1.36855e+06 1.19866e+06 1.19866e+06 1.19866e+06 1.19866e+06 9.77889e-09 
2023 2.02974e+06 1.42367e+06 1.36855e+06 973274 1.01305e+06 1.28201e+06 2.26632e+06 1.19962e+06 
2024 2.02974e+06 1.42367e+06 1.36855e+06 768465 869603 1.21434e+06 2.63806e+06 1.26667e+06 
2025 2.02974e+06 1.42367e+06 1.36855e+06 596556 788824 1.33537e+06 3.60209e+06 1.82327e+06 
2026 2.02974e+06 1.42367e+06 1.36855e+06 456745 740057 1.34943e+06 4.35117e+06 1.78614e+06 
2027 2.02974e+06 1.42367e+06 1.36855e+06 357065 725725 1.48146e+06 4.94448e+06 2.25359e+06 
2028 2.02974e+06 1.42367e+06 1.36855e+06 295832 721677 1.40254e+06 4.82887e+06 1.92748e+06 
2029 2.02974e+06 1.42367e+06 1.36855e+06 259797 769652 1.49757e+06 5.38597e+06 2.16784e+06 
2030 2.02974e+06 1.42367e+06 1.36855e+06 241788 776756 1.5071e+06 4.93724e+06 2.10396e+06 
2031 2.02974e+06 1.42367e+06 1.36855e+06 228168 803244 1.50205e+06 5.19055e+06 1.98386e+06 
2032 2.02974e+06 1.42367e+06 1.36855e+06 222759 781635 1.4807e+06 4.99152e+06 2.02345e+06 
2033 2.02974e+06 1.42367e+06 1.36855e+06 203799 781836 1.52208e+06 5.48068e+06 2.32767e+06 
2034 2.02974e+06 1.42367e+06 1.36855e+06 200427 805015 1.54015e+06 5.68846e+06 2.28904e+06 
2035 2.02974e+06 1.42367e+06 1.36855e+06 199469 788326 1.55128e+06 5.84599e+06 2.34582e+06 
Alternative 4 Alternative  Stock: goa_wp
Catch goa_wp
Year C0 Cabc Cofl LowCI_Catch Median_Catch Mean_Catch UpperCI_Catch Stdev_Catch 
2022  0 134686 145862 129754 129754 129754 129754 2.35741e-09 
2023  0 134686 145862 32667.9 32672.7 32705.4 32824.9 145.64 
2024  0 134686 145862 36178.4 36291.4 36936.3 39248.3 2861.87 
2025  0 134686 145862 34874.3 35960.8 40883.5 61103.8 21518.6 
2026  0 134686 145862 27593.5 30926.3 41631.8 84538.1 40692.7 
2027  0 134686 145862 19525.6 26532.4 43552.8 118780 56933.7 
2028  0 134686 145862 14413.2 25455.6 47302 139530 67121.3 
2029  0 134686 145862 11258.4 25591 52153.9 170301 76129.7 
2030  0 134686 145862 5600.51 23604.5 51175.5 192849 81626 
2031  0 134686 145862 0 26910.3 53682.9 195168 83479.5 
2032  0 134686 145862 0 27358.9 53489.2 193393 81078.9 
2033  0 134686 145862 0 28375.4 54088.9 192621 80049.8 
2034  0 134686 145862 0 28275.2 52961.7 203194 79750.9 
2035  0 134686 145862 0 25797.6 53004.5 200898 80677 

Spawning_Biomass goa_wp
Year SSB100 SSBabc SSBofl LowCI_SSB Median_SSB Mean_SSB UpperCI_SSB Stdev_SSB 
2022 430364 172146 150627 228234 228234 228234 228234 4.77303e-09 
2023 430364 172146 150627 204782 204782 204782 204782 1.07684e-09 
2024 430364 172146 150627 209703 209810 210533 213180 3225.73 
2025 430364 172146 150627 216102 217145 221932 241516 20699 
2026 430364 172146 150627 196794 202699 225251 316158 95497.9 
2027 430364 172146 150627 157981 175184 226916 428199 196604 
2028 430364 172146 150627 127346 162135 242088 607516 267699 
2029 430364 172146 150627 103530 156082 258517 690087 316520 
2030 430364 172146 150627 89650.5 156892 279794 837654 353336 
2031 430364 172146 150627 75558.7 158699 287837 912751 382512 
2032 430364 172146 150627 69433.1 162607 293380 934503 386318 
2033 430364 172146 150627 64136.9 167951 298934 954752 377734 
2034 430364 172146 150627 63214.2 175018 305950 965708 381139 
2035 430364 172146 150627 60195.2 179659 307541 992478 375642 

Fishing_mortalitygoa_wp
Year F0 Fabc Fofl LowCI_F Median_F Mean_F UpperCI_F Stdev_F 
2022  0 0.286208 0.338585 0.359426 0.359426 0.359426 0.359426 4.94049e-15 
2023  0 0.286208 0.338585 0.0793585 0.0793585 0.0793585 0.0793585 5.55112e-17 
2024  0 0.286208 0.338585 0.0793585 0.0793585 0.0793585 0.0793585 5.55112e-17 
2025  0 0.286208 0.338585 0.0793585 0.0793585 0.0793585 0.0793585 5.55112e-17 
2026  0 0.286208 0.338585 0.0793585 0.0793585 0.0793585 0.0793585 5.55112e-17 
2027  0 0.286208 0.338585 0.0793585 0.0793585 0.0793585 0.0793585 5.55112e-17 
2028  0 0.286208 0.338585 0.0793585 0.0793585 0.0793585 0.0793585 5.55112e-17 
2029  0 0.286208 0.338585 0.0793585 0.0793585 0.0793585 0.0793585 5.55112e-17 
2030  0 0.286208 0.338585 0.0793585 0.0793585 0.0773745 0.0793585 0.0123898 
2031  0 0.286208 0.338585 0 0.0793585 0.0696767 0.0793585 0.0259729 
2032  0 0.286208 0.338585 0 0.0793585 0.0656295 0.0793585 0.0300171 
2033  0 0.286208 0.338585 0 0.0793585 0.0642804 0.0793585 0.0311324 
2034  0 0.286208 0.338585 0 0.0793585 0.06309 0.0793585 0.0320371 
2035  0 0.286208 0.338585 0 0.0793585 0.0635661 0.0793585 0.0316837 

Total_Biomassgoa_wp
Year B100 Babc Bofl LowCI_Biom Median_Biom Mean_Biom UpperCI_Biom Stdev_Biom 
2022 2.02974e+06 1.42367e+06 1.36855e+06 1.19866e+06 1.19866e+06 1.19866e+06 1.19866e+06 9.77889e-09 
2023 2.02974e+06 1.42367e+06 1.36855e+06 973274 1.01305e+06 1.28201e+06 2.26632e+06 1.19962e+06 
2024 2.02974e+06 1.42367e+06 1.36855e+06 808216 909356 1.25413e+06 2.67814e+06 1.26677e+06 
2025 2.02974e+06 1.42367e+06 1.36855e+06 668593 861470 1.40851e+06 3.67442e+06 1.82552e+06 
2026 2.02974e+06 1.42367e+06 1.36855e+06 546977 833200 1.4478e+06 4.45158e+06 1.80147e+06 
2027 2.02974e+06 1.42367e+06 1.36855e+06 450105 828994 1.59931e+06 5.22853e+06 2.2825e+06 
2028 2.02974e+06 1.42367e+06 1.36855e+06 387665 836414 1.53748e+06 5.09078e+06 1.98387e+06 
2029 2.02974e+06 1.42367e+06 1.36855e+06 341134 877291 1.64733e+06 5.6664e+06 2.23757e+06 
2030 2.02974e+06 1.42367e+06 1.36855e+06 318417 895623 1.67563e+06 5.4837e+06 2.20565e+06 
2031 2.02974e+06 1.42367e+06 1.36855e+06 296404 953245 1.68171e+06 5.40951e+06 2.09515e+06 
2032 2.02974e+06 1.42367e+06 1.36855e+06 286564 933804 1.67207e+06 5.8037e+06 2.14006e+06 
2033 2.02974e+06 1.42367e+06 1.36855e+06 267486 934877 1.72276e+06 6.16337e+06 2.42422e+06 
2034 2.02974e+06 1.42367e+06 1.36855e+06 266500 967760 1.74894e+06 6.16903e+06 2.38792e+06 
2035 2.02974e+06 1.42367e+06 1.36855e+06 266005 960214 1.765e+06 6.20992e+06 2.44567e+06 
Alternative 5 Alternative  Stock: goa_wp
Catch goa_wp
Year C0 Cabc Cofl LowCI_Catch Median_Catch Mean_Catch UpperCI_Catch Stdev_Catch 
2022  0 134686 145862 129754 129754 129754 129754 2.35741e-09 
2023  0 134686 145862 0 0 0 0 0 
2024  0 134686 145862 0 0 0 0 0 
2025  0 134686 145862 0 0 0 0 0 
2026  0 134686 145862 0 0 0 0 0 
2027  0 134686 145862 0 0 0 0 0 
2028  0 134686 145862 0 0 0 0 0 
2029  0 134686 145862 0 0 0 0 0 
2030  0 134686 145862 0 0 0 0 0 
2031  0 134686 145862 0 0 0 0 0 
2032  0 134686 145862 0 0 0 0 0 
2033  0 134686 145862 0 0 0 0 0 
2034  0 134686 145862 0 0 0 0 0 
2035  0 134686 145862 0 0 0 0 0 

Spawning_Biomass goa_wp
Year SSB100 SSBabc SSBofl LowCI_SSB Median_SSB Mean_SSB UpperCI_SSB Stdev_SSB 
2022 430364 172146 150627 228234 228234 228234 228234 4.77303e-09 
2023 430364 172146 150627 206655 206655 206655 206655 3.11411e-09 
2024 430364 172146 150627 221244 221351 222075 224724 3228.43 
2025 430364 172146 150627 239726 240776 245604 265369 20882 
2026 430364 172146 150627 232229 238268 261701 355027 99324.4 
2027 430364 172146 150627 198358 216555 272569 488025 214604 
2028 430364 172146 150627 167806 205545 296230 710503 305026 
2029 430364 172146 150627 141073 201868 320146 816646 368881 
2030 430364 172146 150627 125962 205461 351635 993754 420565 
2031 430364 172146 150627 105321 208205 365107 1.12734e+06 461693 
2032 430364 172146 150627 93917.5 212916 377209 1.14087e+06 480637 
2033 430364 172146 150627 83286.1 222783 386922 1.17127e+06 476976 
2034 430364 172146 150627 79313.8 227844 398317 1.24862e+06 484717 
2035 430364 172146 150627 74874.2 234322 402453 1.26016e+06 480056 

Fishing_mortalitygoa_wp
Year F0 Fabc Fofl LowCI_F Median_F Mean_F UpperCI_F Stdev_F 
2022  0 0.286208 0.338585 0.359426 0.359426 0.359426 0.359426 4.94049e-15 
2023  0 0.286208 0.338585 0 0 0 0 0 
2024  0 0.286208 0.338585 0 0 0 0 0 
2025  0 0.286208 0.338585 0 0 0 0 0 
2026  0 0.286208 0.338585 0 0 0 0 0 
2027  0 0.286208 0.338585 0 0 0 0 0 
2028  0 0.286208 0.338585 0 0 0 0 0 
2029  0 0.286208 0.338585 0 0 0 0 0 
2030  0 0.286208 0.338585 0 0 0 0 0 
2031  0 0.286208 0.338585 0 0 0 0 0 
2032  0 0.286208 0.338585 0 0 0 0 0 
2033  0 0.286208 0.338585 0 0 0 0 0 
2034  0 0.286208 0.338585 0 0 0 0 0 
2035  0 0.286208 0.338585 0 0 0 0 0 

Total_Biomassgoa_wp
Year B100 Babc Bofl LowCI_Biom Median_Biom Mean_Biom UpperCI_Biom Stdev_Biom 
2022 2.02974e+06 1.42367e+06 1.36855e+06 1.19866e+06 1.19866e+06 1.19866e+06 1.19866e+06 9.77889e-09 
2023 2.02974e+06 1.42367e+06 1.36855e+06 973274 1.01305e+06 1.28201e+06 2.26632e+06 1.19962e+06 
2024 2.02974e+06 1.42367e+06 1.36855e+06 838826 939967 1.28476e+06 2.70899e+06 1.26685e+06 
2025 2.02974e+06 1.42367e+06 1.36855e+06 728071 921357 1.46876e+06 3.73407e+06 1.82715e+06 
2026 2.02974e+06 1.42367e+06 1.36855e+06 626948 916207 1.53444e+06 4.53975e+06 1.81317e+06 
2027 2.02974e+06 1.42367e+06 1.36855e+06 540979 930106 1.70884e+06 5.38649e+06 2.30652e+06 
2028 2.02974e+06 1.42367e+06 1.36855e+06 479567 946105 1.66702e+06 5.20684e+06 2.03371e+06 
2029 2.02974e+06 1.42367e+06 1.36855e+06 425655 998343 1.79388e+06 5.97875e+06 2.30349e+06 
2030 2.02974e+06 1.42367e+06 1.36855e+06 402975 1.03015e+06 1.84418e+06 5.80135e+06 2.30523e+06 
2031 2.02974e+06 1.42367e+06 1.36855e+06 370942 1.08547e+06 1.86211e+06 6.04349e+06 2.21044e+06 
2032 2.02974e+06 1.42367e+06 1.36855e+06 352046 1.06948e+06 1.86605e+06 6.36395e+06 2.26841e+06 
2033 2.02974e+06 1.42367e+06 1.36855e+06 323993 1.11582e+06 1.92635e+06 6.8358e+06 2.53474e+06 
2034 2.02974e+06 1.42367e+06 1.36855e+06 317256 1.12623e+06 1.96105e+06 6.54045e+06 2.50379e+06 
2035 2.02974e+06 1.42367e+06 1.36855e+06 315609 1.1144e+06 1.98167e+06 6.68227e+06 2.56333e+06 
Alternative 6 Alternative  Stock: goa_wp
Catch goa_wp
Year C0 Cabc Cofl LowCI_Catch Median_Catch Mean_Catch UpperCI_Catch Stdev_Catch 
2022  0 134686 145862 129754 129754 129754 129754 2.35741e-09 
2023  0 134686 145862 128233 128253 128393 128902 621.278 
2024  0 134686 145862 120754 121233 123971 133782 12146 
2025  0 134686 145862 88929.5 93563.5 114517 203945 88647 
2026  0 134686 145862 46363.6 57851 99967.6 278488 152770 
2027  0 134686 145862 22346.6 41141.3 103717 375683 195143 
2028  0 134686 145862 13132.4 39417.3 115547 410863 217563 
2029  0 134686 145862 8895.87 39915.2 129356 522451 239177 
2030  0 134686 145862 5527.82 38917.1 128811 525140 246984 
2031  0 134686 145862 5636.79 44014.2 130317 497771 237897 
2032  0 134686 145862 5080.29 46656.2 131666 512256 228837 
2033  0 134686 145862 5131.3 45892.4 132999 562022 226858 
2034  0 134686 145862 4940.76 45540.7 131143 516182 224760 
2035  0 134686 145862 4859.59 40931.8 131956 556586 234360 

Spawning_Biomass goa_wp
Year SSB100 SSBabc SSBofl LowCI_SSB Median_SSB Mean_SSB UpperCI_SSB Stdev_SSB 
2022 430364 172146 150627 228234 228234 228234 228234 4.77303e-09 
2023 430364 172146 150627 198848 198848 198848 198848 2.21189e-09 
2024 430364 172146 150627 177711 177817 178539 181178 3216.93 
2025 430364 172146 150627 158257 159236 163802 182279 20001.3 
2026 430364 172146 150627 123725 128882 148228 224711 83298.3 
2027 430364 172146 150627 90151.5 103626 142801 300515 146862 
2028 430364 172146 150627 70589 96824.7 150227 386846 178677 
2029 430364 172146 150627 58004.9 96353.3 158706 415924 201760 
2030 430364 172146 150627 51694.6 96281 167444 522148 216507 
2031 430364 172146 150627 46087.5 96284.8 167239 519282 228395 
2032 430364 172146 150627 43549.5 98962.9 165429 477223 212504 
2033 430364 172146 150627 42071 100144 166647 499533 207562 
2034 430364 172146 150627 41634.8 99371.4 167849 532016 207929 
2035 430364 172146 150627 40817.6 97305.4 166011 515208 203054 

Fishing_mortalitygoa_wp
Year F0 Fabc Fofl LowCI_F Median_F Mean_F UpperCI_F Stdev_F 
2022  0 0.286208 0.338585 0.359426 0.359426 0.359426 0.359426 4.94049e-15 
2023  0 0.286208 0.338585 0.338585 0.338585 0.338585 0.338585 5.21805e-15 
2024  0 0.286208 0.338585 0.338585 0.338585 0.338585 0.338585 5.21805e-15 
2025  0 0.286208 0.338585 0.309832 0.31186 0.315757 0.338585 0.00859482 
2026  0 0.286208 0.338585 0.238334 0.249011 0.263563 0.338585 0.0319899 
2027  0 0.286208 0.338585 0.168825 0.196721 0.223939 0.338585 0.0590011 
2028  0 0.286208 0.338585 0.128324 0.18264 0.212142 0.338585 0.0768019 
2029  0 0.286208 0.338585 0.102271 0.181665 0.207703 0.338585 0.0884005 
2030  0 0.286208 0.338585 0.0892064 0.181515 0.206936 0.338585 0.0929165 
2031  0 0.286208 0.338585 0.0775978 0.181522 0.204841 0.338585 0.0957747 
2032  0 0.286208 0.338585 0.072343 0.187067 0.205139 0.338585 0.0977204 
2033  0 0.286208 0.338585 0.0692821 0.189513 0.205911 0.338585 0.0997354 
2034  0 0.286208 0.338585 0.0683788 0.187911 0.206327 0.338585 0.100836 
2035  0 0.286208 0.338585 0.0666867 0.183634 0.206346 0.338585 0.102014 

Total_Biomassgoa_wp
Year B100 Babc Bofl LowCI_Biom Median_Biom Mean_Biom UpperCI_Biom Stdev_Biom 
2022 2.02974e+06 1.42367e+06 1.36855e+06 1.19866e+06 1.19866e+06 1.19866e+06 1.19866e+06 9.77889e-09 
2023 2.02974e+06 1.42367e+06 1.36855e+06 973274 1.01305e+06 1.28201e+06 2.26632e+06 1.19962e+06 
2024 2.02974e+06 1.42367e+06 1.36855e+06 719175 820311 1.165e+06 2.58832e+06 1.26653e+06 
2025 2.02974e+06 1.42367e+06 1.36855e+06 515081 706651 1.2524e+06 3.52022e+06 1.82026e+06 
2026 2.02974e+06 1.42367e+06 1.36855e+06 371062 646569 1.25247e+06 4.25088e+06 1.76637e+06 
2027 2.02974e+06 1.42367e+06 1.36855e+06 290026 646465 1.38396e+06 4.83365e+06 2.21989e+06 
2028 2.02974e+06 1.42367e+06 1.36855e+06 251838 655214 1.30491e+06 4.54959e+06 1.86679e+06 
2029 2.02974e+06 1.42367e+06 1.36855e+06 231268 691296 1.39657e+06 5.06074e+06 2.09961e+06 
2030 2.02974e+06 1.42367e+06 1.36855e+06 224941 691448 1.39754e+06 4.49706e+06 2.00691e+06 
2031 2.02974e+06 1.42367e+06 1.36855e+06 218098 727008 1.38673e+06 4.83916e+06 1.88535e+06 
2032 2.02974e+06 1.42367e+06 1.36855e+06 222590 707709 1.36251e+06 4.61652e+06 1.92592e+06 
2033 2.02974e+06 1.42367e+06 1.36855e+06 210073 682352 1.40103e+06 5.10844e+06 2.24884e+06 
2034 2.02974e+06 1.42367e+06 1.36855e+06 206747 713265 1.41632e+06 5.20368e+06 2.20805e+06 
2035 2.02974e+06 1.42367e+06 1.36855e+06 200654 693119 1.42597e+06 5.48727e+06 2.26392e+06 
Alternative 7 Alternative  Stock: goa_wp
Catch goa_wp
Year C0 Cabc Cofl LowCI_Catch Median_Catch Mean_Catch UpperCI_Catch Stdev_Catch 
2022  0 134686 145862 129754 129754 129754 129754 2.35741e-09 
2023  0 134686 145862 110194 110211 110329 110760 525.187 
2024  0 134686 145862 107135 107541 109857 118160 10278 
2025  0 134686 145862 99447.8 104332 124952 210654 88090 
2026  0 134686 145862 50288.1 62133 104506 281657 153026 
2027  0 134686 145862 23669.6 42725.1 105517 376547 195372 
2028  0 134686 145862 13655.6 40024.5 116336 410771 217602 
2029  0 134686 145862 9149.94 40248.5 129669 521918 239104 
2030  0 134686 145862 5625.06 39169.1 128867 524889 246897 
2031  0 134686 145862 5681.95 44303.3 130341 497656 237838 
2032  0 134686 145862 5104.41 46845 131671 512205 228792 
2033  0 134686 145862 5150.95 45862.7 133000 561954 226832 
2034  0 134686 145862 4958.42 45571.8 131143 516205 224743 
2035  0 134686 145862 4888.35 40936.9 131957 556563 234349 

Spawning_Biomass goa_wp
Year SSB100 SSBabc SSBofl LowCI_SSB Median_SSB Mean_SSB UpperCI_SSB Stdev_SSB 
2022 430364 172146 150627 228234 228234 228234 228234 4.77303e-09 
2023 430364 172146 150627 200024 200024 200024 200024 2.50293e-09 
2024 430364 172146 150627 183542 183649 184370 187011 3218.7 
2025 430364 172146 150627 166500 167477 172094 190951 20113.1 
2026 430364 172146 150627 128456 133591 153120 231154 83751 
2027 430364 172146 150627 92902.9 106190 145585 304974 147363 
2028 430364 172146 150627 72358.8 98316.1 151894 387694 178965 
2029 430364 172146 150627 59131.7 97388.6 159691 416646 201832 
2030 430364 172146 150627 52482.6 96903 168067 522200 216505 
2031 430364 172146 150627 46694.5 96617.3 167639 519398 228386 
2032 430364 172146 150627 43889.5 99245.5 165685 477560 212506 
2033 430364 172146 150627 42215.8 100277 166811 499735 207570 
2034 430364 172146 150627 41814.8 99437.8 167953 532012 207939 
2035 430364 172146 150627 40928.1 97359.7 166078 515207 203062 

Fishing_mortalitygoa_wp
Year F0 Fabc Fofl LowCI_F Median_F Mean_F UpperCI_F Stdev_F 
2022  0 0.286208 0.338585 0.359426 0.359426 0.359426 0.359426 4.94049e-15 
2023  0 0.286208 0.338585 0.286208 0.286208 0.286208 0.286208 4.44089e-16 
2024  0 0.286208 0.338585 0.286208 0.286208 0.286208 0.286208 4.44089e-16 
2025  0 0.286208 0.338585 0.326902 0.328926 0.330866 0.338585 0.00420846 
2026  0 0.286208 0.338585 0.248128 0.258761 0.272247 0.338585 0.0295863 
2027  0 0.286208 0.338585 0.174521 0.202031 0.228561 0.338585 0.057382 
2028  0 0.286208 0.338585 0.131988 0.185729 0.214826 0.338585 0.0757217 
2029  0 0.286208 0.338585 0.104604 0.183808 0.209244 0.338585 0.087625 
2030  0 0.286208 0.338585 0.0908379 0.182803 0.207917 0.338585 0.0923989 
2031  0 0.286208 0.338585 0.0788546 0.182211 0.205467 0.338585 0.095443 
2032  0 0.286208 0.338585 0.0730469 0.187652 0.205532 0.338585 0.0975218 
2033  0 0.286208 0.338585 0.069582 0.189789 0.20615 0.338585 0.0996084 
2034  0 0.286208 0.338585 0.0687516 0.188048 0.206477 0.338585 0.100759 
2035  0 0.286208 0.338585 0.0669156 0.183748 0.206442 0.338585 0.101968 

Total_Biomassgoa_wp
Year B100 Babc Bofl LowCI_Biom Median_Biom Mean_Biom UpperCI_Biom Stdev_Biom 
2022 2.02974e+06 1.42367e+06 1.36855e+06 1.19866e+06 1.19866e+06 1.19866e+06 1.19866e+06 9.77889e-09 
2023 2.02974e+06 1.42367e+06 1.36855e+06 973274 1.01305e+06 1.28201e+06 2.26632e+06 1.19962e+06 
2024 2.02974e+06 1.42367e+06 1.36855e+06 735920 837057 1.18176e+06 2.60522e+06 1.26658e+06 
2025 2.02974e+06 1.42367e+06 1.36855e+06 541805 733539 1.27964e+06 3.54708e+06 1.82132e+06 
2026 2.02974e+06 1.42367e+06 1.36855e+06 383347 658686 1.26537e+06 4.26273e+06 1.7674e+06 
2027 2.02974e+06 1.42367e+06 1.36855e+06 296410 651659 1.39032e+06 4.83981e+06 2.22019e+06 
2028 2.02974e+06 1.42367e+06 1.36855e+06 255930 657195 1.30832e+06 4.55187e+06 1.86678e+06 
2029 2.02974e+06 1.42367e+06 1.36855e+06 232841 693638 1.39841e+06 5.06169e+06 2.0995e+06 
2030 2.02974e+06 1.42367e+06 1.36855e+06 226435 692589 1.39862e+06 4.49811e+06 2.00685e+06 
2031 2.02974e+06 1.42367e+06 1.36855e+06 219081 727488 1.38742e+06 4.83967e+06 1.88531e+06 
2032 2.02974e+06 1.42367e+06 1.36855e+06 223126 708003 1.36294e+06 4.6169e+06 1.9259e+06 
2033 2.02974e+06 1.42367e+06 1.36855e+06 210557 682565 1.4013e+06 5.10876e+06 2.24882e+06 
2034 2.02974e+06 1.42367e+06 1.36855e+06 206936 713557 1.41649e+06 5.20387e+06 2.20804e+06 
2035 2.02974e+06 1.42367e+06 1.36855e+06 200703 693151 1.42609e+06 5.48736e+06 2.26392e+06 
